2025-12-26 14:14:59,598 - INFO - Targeting 1666 companies listed between 2019 and 2023.
2025-12-26 14:14:59,598 - INFO - Scanning files...
2025-12-26 14:14:59,824 - INFO - Found 995 unique companies to process after deduplication.
2025-12-26 14:14:59,825 - INFO - [1/995] Processing 三友联众 from 三友联众集团股份有限公司_招股说明书_2020-12-08.txt
2025-12-26 14:15:38,408 - INFO - [2/995] Processing 思泰克 from 厦门思泰克智能科技股份有限公司_招股说明书_2023-07-03.txt
2025-12-26 14:16:49,993 - INFO - [3/995] Processing 上能电气 from 上能电气股份有限公司_招股说明书_2019-05-24.txt
2025-12-26 14:17:21,268 - INFO - [4/995] Processing 中金辐照 from 中金辐照股份有限公司_招股说明书_2021-03-12.txt
2025-12-26 14:18:34,385 - INFO - [5/995] Processing 仲景食品 from 仲景食品股份有限公司_招股说明书_2020-09-29.txt
2025-12-26 14:19:25,455 - INFO - [6/995] Processing 凯龙高科 from 凯龙高科技股份有限公司_招股说明书_2020-11-03.txt
2025-12-26 14:19:26,679 - INFO - [7/995] Processing 中科海讯 from 北京中科海讯数字科技股份有限公司_招股说明书_2019-03-20.txt
2025-12-26 14:20:14,308 - INFO - [8/995] Processing 交大思诺 from 北京交大思诺科技股份有限公司_招股说明书_2019-09-26.txt
2025-12-26 14:21:11,045 - INFO - [9/995] Processing 博汇科技 from 北京市博汇科技股份有限公司首次公开发行股票并在科创板上市项目_招股说明书_2020-05-15.txt
2025-12-26 14:22:08,532 - INFO - [10/995] Processing 盈建科 from 北京盈建科软件股份有限公司_招股说明书_2020-12-30.txt
2025-12-26 14:23:06,104 - INFO - [11/995] Processing 诺禾致源 from 北京诺禾致源科技股份有限公司_招股说明书_2021-03-09.txt
2025-12-26 14:23:56,384 - INFO - [12/995] Processing 铜牛信息 from 北京铜牛信息科技股份有限公司_招股说明书_2020-08-20.txt
2025-12-26 14:24:36,183 - INFO - [13/995] Processing 首都在线 from 北京首都在线科技股份有限公司_招股说明书_2019-10-09.txt
2025-12-26 14:25:21,366 - INFO - [14/995] Processing 华安鑫创 from 华安鑫创控股（北京）股份有限公司_招股说明书_2020-12-15.txt
2025-12-26 14:26:32,102 - INFO - [15/995] Processing 协创数据 from 协创数据技术股份有限公司_招股说明书_2019-11-22.txt
2025-12-26 14:27:14,709 - INFO - [16/995] Processing 南凌科技 from 南凌科技股份有限公司_招股说明书_2020-10-29.txt
2025-12-26 14:28:15,524 - INFO - [17/995] Processing 江天化学 from 南通江天化学股份有限公司_招股说明书_2020-12-08.txt
2025-12-26 14:29:27,925 - INFO - [18/995] Processing 狄耐克 from 厦门狄耐克智能科技股份有限公司_招股说明书_2020-10-12.txt
2025-12-26 14:29:48,007 - INFO - [19/995] Processing 品渥食品 from 品渥食品股份有限公司_招股说明书_2020-07-31.txt
