2025-12-18 00:00:38,393 - INFO - === 开始下载阶段 ===
2025-12-18 00:00:38,416 - INFO - 加载了 2 个待处理股票
2025-12-18 00:00:38,421 - INFO - [1/2] 正在处理 688111 金山办公...
2025-12-18 00:00:45,565 - WARNING - 未找到符合条件的招股书文件: 688111
2025-12-18 00:00:45,565 - INFO - [2/2] 正在处理 688008 澜起科技...
2025-12-18 00:00:52,367 - WARNING - 未找到符合条件的招股书文件: 688008
2025-12-18 00:00:52,367 - INFO - === 开始解析阶段 ===
2025-12-18 00:00:52,368 - INFO - 发现 0 个 PDF 文件待处理
2025-12-18 00:00:52,425 - WARNING - 没有提取到任何数据
2025-12-18 00:01:17,680 - INFO - === 开始下载阶段 ===
2025-12-18 00:01:17,691 - INFO - 加载了 2 个待处理股票
2025-12-18 00:01:17,697 - INFO - [1/2] 正在处理 688111 金山办公...
2025-12-18 00:01:23,509 - INFO - 搜索到的公告标题: ['金山办公关于召开2025年第三季度业绩说明会的公告', '金山办公关于非独立董事辞职暨选举职工代表董事及补选董事会审计委员会委员的公告', '金山办公第四届董事会第四次会议决议公告', '金山办公2025年第一次临时股东大会决议公告', '北京市君合律师事务所关于金山办公2025年第一次临时股东大会的法律意见书', '金山办公2025年第一次临时股东大会会议材料', '监事会关于公司2022年限制性股票激励计划首次授予部分第二类激励对象第三个归属期归属名单的核查意见', '金山办公第四届监事会第三次会议决议公告', '金山办公2025年第三季度报告', '金山办公关于召开2025年第一次临时股东大会的通知', '金山办公关于调整2022年限制性股票激励计划授予权益价格的公告', '金山办公内部审计制度（2025年10月修订）', '金山办公董事会审计委员会工作细则（2025年10月修订）', '金山办公董事会提名委员会工作细则（2025年10月修订）', '金山办公董事会薪酬与考核委员会工作细则（2025年10月修订）', '金山办公投资者关系管理制度（2025年10月修订）', '金山办公募集资金管理办法（2025年10月修订）', '金山办公信息披露管理办法（2025年10月修订）', '金山办公独立董事议事规则（2025年10月修订）', '金山办公对外投资管理制度（2025年10月修订）', '金山办公会计师事务所选聘制度（2025年10月修订）', '金山办公信息披露暂缓与豁免制度（2025年10月修订）', '金山办公董事会战略委员会工作细则（2025年10月修订）', '金山办公对外担保管理制度（2025年10月修订）', '金山办公关联交易管理制度（2025年10月修订）', '金山办公股东会议事规则（2025年10月修订）', '金山办公董事会议事规则（2025年10月修订）', '金山办公第四届董事会第三次会议决议公告', '金山办公公司章程（2025年10月修订）', '金山办公关于取消监事会、修订《公司章程》及修订、制定部分治理制度的公告']
2025-12-18 00:01:23,509 - WARNING - 未找到符合条件的招股书文件: 688111. 可用标题: ['金山办公关于召开2025年第三季度业绩说明会的公告', '金山办公关于非独立董事辞职暨选举职工代表董事及补选董事会审计委员会委员的公告', '金山办公第四届董事会第四次会议决议公告']...
2025-12-18 00:01:23,510 - INFO - [2/2] 正在处理 688008 澜起科技...
2025-12-18 00:01:29,093 - INFO - 搜索到的公告标题: ['澜起科技关于香港联交所审议公司发行H股的公告', '澜起科技2025年第二次临时股东会会议资料', '澜起科技关于召开2025年第二次临时股东会的通知', '澜起科技关于发行境外上市股份（H股）获中国证监会备案的公告', '澜起科技第三届董事会核心高管激励计划（草案修订稿）', '澜起科技第三届董事会第十二次会议决议公告', '澜起科技第三届董事会核心高管激励计划（草案修订稿）摘要公告', '上海兰迪律师事务所关于澜起科技股份有限公司第三届董事会核心高管激励计划（草案）修订事项的法律意见书', '澜起科技董事会薪酬与考核委员会关于第三届董事会核心高管激励计划（草案修订稿）的核查意见', '澜起科技关于聘任2025年度财务及内部控制审计机构的公告', '澜起科技关于第三届董事会核心高管激励计划（草案）及其摘要的修订说明公告', '澜起科技关于2025年第二次回购A股股份方案回购股份进展的公告', '澜起科技关于2023年员工持股计划出售完毕暨终止的公告', '澜起科技关于召开2025年第三季度业绩说明会的公告', '澜起科技关于2025年第二次回购A股股份方案首次回购股份暨回购进展的公告', '澜起科技第三届董事会第十一次会议决议公告', '澜起科技董事会薪酬与考核委员会关于2023年限制性股票激励计划预留授予部分第二个归属期归属名单及2024年限制性股票激励计划首次授予部分第一个归属期归属名单的核查意见', '上海兰迪律师事务所关于澜起科技股份有限公司2023年限制性股票激励计划预留授予第二个归属期及2024年限制性股票激励计划首次授予第一归属期归属条件成就的法律意见书', '澜起科技关于2023年限制性股票激励计划预留授予第二个归属期、2024年限制性股票激励计划首次授予第一个归属期符合归属条件的公告', '澜起科技关于调整2025年第二次回购股份方案回购价格上限的公告', '澜起科技2025年第三季度报告', '上海兰迪律师事务所关于澜起科技股份有限公司2023年限制性股票激励计划、2024年限制性股票激励计划及第三届董事会核心高管激励计划调整授予（行权）价格的法律意见书', '澜起科技关于调整2023年、2024年限制性股票激励计划及第三届董事会核心高管激励计划授予（行权）价格的公告', '澜起科技关于向控股子公司提供财务资助的公告', '澜起科技简式权益变动报告书', '澜起科技关于持股5%以上股东减持至5%以下的权益变动提示性公告', '澜起科技关于持股5%以上股东权益变动触及1%刻度的提示性公告', '国浩律师（上海）事务所关于澜起科技股份有限公司差异化分红事项之专项法律意见书', '澜起科技2025年半年度权益分派实施公告', '澜起科技关于2025年回购A股股份方案回购股份进展的公告']
2025-12-18 00:01:29,093 - WARNING - 未找到符合条件的招股书文件: 688008. 可用标题: ['澜起科技关于香港联交所审议公司发行H股的公告', '澜起科技2025年第二次临时股东会会议资料', '澜起科技关于召开2025年第二次临时股东会的通知']...
2025-12-18 00:01:29,093 - INFO - === 开始解析阶段 ===
2025-12-18 00:01:29,094 - INFO - 发现 0 个 PDF 文件待处理
2025-12-18 00:01:29,113 - WARNING - 没有提取到任何数据
2025-12-18 00:02:05,889 - INFO - === 开始下载阶段 ===
2025-12-18 00:02:05,906 - INFO - 加载了 2 个待处理股票
2025-12-18 00:02:05,910 - INFO - [1/2] 正在处理 688111 金山办公...
2025-12-18 00:02:11,751 - INFO - 获取到 orgId: 688111 -> 9900035303
2025-12-18 00:02:15,146 - INFO - 搜索到的公告标题: ['首次公开发行股票并在科创板上市<em>招股说明书</em>']
2025-12-18 00:03:01,635 - INFO - 下载成功: e:\Users\wxx\Documents\A-Share IPO Prospectuses (2019-2023\data\pdfs\688111_金山办公.pdf
2025-12-18 00:03:01,636 - INFO - [2/2] 正在处理 688008 澜起科技...
2025-12-18 00:03:06,934 - INFO - 获取到 orgId: 688008 -> 9900039002
2025-12-18 00:03:11,677 - INFO - 搜索到的公告标题: ['首次公开发行股票并在科创板上市<em>招股说明书</em>']
2025-12-18 00:03:44,197 - INFO - 下载成功: e:\Users\wxx\Documents\A-Share IPO Prospectuses (2019-2023\data\pdfs\688008_澜起科技.pdf
2025-12-18 00:03:44,198 - INFO - === 开始解析阶段 ===
2025-12-18 00:03:44,199 - INFO - 发现 2 个 PDF 文件待处理
2025-12-18 00:03:44,212 - INFO - 正在解析: 688008_澜起科技.pdf
2025-12-18 00:04:15,596 - INFO - 定位到目标页面: [333, 332, 331]
2025-12-18 00:04:15,614 - INFO - 正在解析: 688111_金山办公.pdf
2025-12-18 00:05:27,242 - INFO - 定位到目标页面: [706, 672, 707]
2025-12-18 00:05:28,050 - INFO - 结果已保存至 e:\Users\wxx\Documents\A-Share IPO Prospectuses (2019-2023\data\output\dividends_summary.xlsx
2025-12-18 00:08:59,051 - ERROR - 股票列表不存在，请先运行 src/get_stock_list.py
2025-12-18 00:09:14,138 - INFO - === 开始下载阶段 ===
2025-12-18 00:09:14,150 - INFO - 加载了 2 个待处理股票
2025-12-18 00:09:14,154 - INFO - [1/2] 688111 金山办公 已存在文件，跳过
2025-12-18 00:09:14,155 - INFO - [2/2] 688008 澜起科技 已存在文件，跳过
2025-12-18 00:09:14,155 - INFO - === 开始解析阶段 ===
2025-12-18 00:09:14,156 - INFO - 发现 2 个 PDF 文件待处理
2025-12-18 00:09:14,167 - INFO - 正在解析: 688008_澜起科技.pdf
2025-12-18 00:09:54,303 - INFO - 定位到目标页面: [304, 265, 218]
2025-12-18 00:09:54,346 - INFO - 正在解析: 688111_金山办公.pdf
2025-12-18 00:10:52,356 - ERROR - 股票列表不存在，请先运行 src/get_stock_list.py
2025-12-18 00:11:25,520 - INFO - === 开始下载阶段 ===
2025-12-18 00:11:25,523 - INFO - 加载了 2 个待处理股票
2025-12-18 00:11:25,524 - INFO - [1/2] 688111 金山办公 已存在文件，跳过
2025-12-18 00:11:25,524 - INFO - [2/2] 688008 澜起科技 已存在文件，跳过
2025-12-18 00:11:25,524 - INFO - === 开始解析阶段 ===
2025-12-18 00:11:25,525 - INFO - 发现 2 个 PDF 文件待处理
2025-12-18 00:11:25,532 - INFO - 正在解析: 688008_澜起科技.pdf
2025-12-18 00:11:54,273 - INFO - 定位到目标页面: [450, 673, 672]
2025-12-18 00:12:21,293 - INFO - 定位到目标页面: [304, 265, 218]
2025-12-18 00:12:21,294 - INFO - 扩展后的扫描页面: [218, 219, 220, 221, 265, 266, 267, 268, 304, 305, 306, 307]
2025-12-18 09:29:14,920 - INFO - === 开始下载阶段 ===
2025-12-18 09:29:14,939 - INFO - 加载了 1905 个待处理股票
2025-12-18 09:29:14,940 - INFO - [1/1905] 正在处理 301566 达利凯普...
2025-12-18 09:29:16,541 - INFO - 获取到 orgId: 301566 -> 9900047759
2025-12-18 09:29:18,420 - INFO - 搜索到的公告标题: ['首次公开发行股票并在创业板上市<em>招股说明书</em>']
2025-12-18 09:29:25,206 - INFO - 下载成功: e:\Privy\A-Share-IPO-Prospectuses\data\pdfs\301566_达利凯普.pdf
2025-12-18 09:29:25,206 - INFO - [2/1905] 正在处理 920363 莱赛激光...
2025-12-18 09:29:26,145 - INFO - 获取到 orgId: 920363 -> gfbj0871263
2025-12-18 09:29:27,407 - WARNING - 未找到招股书: 920363
2025-12-18 09:29:27,407 - INFO - [3/1905] 正在处理 301578 辰奕智能...
2025-12-18 09:29:28,836 - INFO - 获取到 orgId: 301578 -> gfbj0870932
2025-12-18 09:29:30,177 - INFO - 搜索到的公告标题: ['首次公开发行股票并在创业板上市<em>招股说明书</em>']
2025-12-18 09:29:34,667 - INFO - 下载成功: e:\Privy\A-Share-IPO-Prospectuses\data\pdfs\301578_辰奕智能.pdf
2025-12-18 09:29:34,667 - INFO - [4/1905] 正在处理 603004 鼎龙科技...
2025-12-18 09:29:36,335 - INFO - 获取到 orgId: 603004 -> 9900048374
2025-12-18 09:29:38,368 - INFO - 搜索到的公告标题: ['鼎龙科技首次公开发行股票并在主板上市<em>招股说明书</em>', '鼎龙科技首次公开发行股票并在主板上市<em>招股说明书</em>提示性公告']
2025-12-18 09:29:43,979 - INFO - 下载成功: e:\Privy\A-Share-IPO-Prospectuses\data\pdfs\603004_鼎龙科技.pdf
2025-12-18 09:29:43,980 - INFO - [5/1905] 正在处理 301526 国际复材...
2025-12-18 09:29:45,737 - INFO - 获取到 orgId: 301526 -> 9900047332
2025-12-18 09:29:46,957 - INFO - 搜索到的公告标题: ['首次公开发行股票并在创业板上市<em>招股说明书</em>']
2025-12-18 09:29:50,359 - INFO - 下载成功: e:\Privy\A-Share-IPO-Prospectuses\data\pdfs\301526_国际复材.pdf
2025-12-18 09:29:50,360 - INFO - [6/1905] 正在处理 601096 宏盛华源...
2025-12-18 09:29:51,818 - INFO - 获取到 orgId: 601096 -> 9900052305
2025-12-18 09:29:54,337 - INFO - 搜索到的公告标题: ['宏盛华源首次公开发行股票并在主板上市<em>招股说明书</em>提示性公告', '宏盛华源首次公开发行股票并在主板上市<em>招股说明书</em>']
2025-12-18 09:30:01,772 - INFO - 下载成功: e:\Privy\A-Share-IPO-Prospectuses\data\pdfs\601096_宏盛华源.pdf
2025-12-18 09:30:01,772 - INFO - [7/1905] 正在处理 920061 西磁科技...
2025-12-18 09:30:03,151 - INFO - 获取到 orgId: 920061 -> gfbj0836961
2025-12-18 09:30:06,113 - WARNING - 未找到招股书: 920061
2025-12-18 09:30:06,113 - INFO - [8/1905] 正在处理 001358 兴欣新材...
2025-12-18 09:30:07,713 - INFO - 获取到 orgId: 001358 -> 9900039470
2025-12-18 09:30:10,365 - INFO - 搜索到的公告标题: ['首次公开发行股票并在主板上市<em>招股说明书</em>']
2025-12-18 09:30:14,968 - INFO - 下载成功: e:\Privy\A-Share-IPO-Prospectuses\data\pdfs\001358_兴欣新材.pdf
2025-12-18 09:30:14,969 - INFO - [9/1905] 正在处理 603373 安邦护卫...
2025-12-18 09:30:15,912 - INFO - 获取到 orgId: 603373 -> 9900052523
2025-12-18 09:30:18,957 - INFO - 搜索到的公告标题: ['安邦护卫首次公开发行股票并在主板上市<em>招股说明书</em>提示性公告', '安邦护卫首次公开发行股票并在主板上市<em>招股说明书</em>']
2025-12-18 09:30:23,980 - INFO - 下载成功: e:\Privy\A-Share-IPO-Prospectuses\data\pdfs\603373_安邦护卫.pdf
2025-12-18 09:30:23,980 - INFO - [10/1905] 正在处理 920284 灵鸽科技...
2025-12-18 09:30:24,754 - INFO - 获取到 orgId: 920284 -> gfbj0833284
2025-12-18 09:30:26,745 - WARNING - 未找到招股书: 920284
2025-12-18 09:30:26,745 - INFO - [11/1905] 正在处理 301413 安培龙...
2025-12-18 09:30:27,390 - INFO - 获取到 orgId: 301413 -> 9900047312
2025-12-18 09:30:28,592 - INFO - 搜索到的公告标题: ['首次公开发行股票并在创业板上市<em>招股说明书</em>']
2025-12-18 09:30:32,307 - INFO - 下载成功: e:\Privy\A-Share-IPO-Prospectuses\data\pdfs\301413_安培龙.pdf
2025-12-18 09:30:32,307 - INFO - [12/1905] 正在处理 603231 索宝蛋白...
2025-12-18 09:30:33,585 - INFO - 获取到 orgId: 603231 -> nssc1000418
2025-12-18 09:30:36,507 - INFO - 搜索到的公告标题: ['索宝蛋白首次公开发行股票并在主板上市<em>招股说明书</em>提示性公告', '索宝蛋白首次公开发行股票并在主板上市<em>招股说明书</em>']
2025-12-18 09:30:41,079 - INFO - 下载成功: e:\Privy\A-Share-IPO-Prospectuses\data\pdfs\603231_索宝蛋白.pdf
2025-12-18 09:30:41,079 - INFO - [13/1905] 正在处理 920375 派诺科技...
2025-12-18 09:30:42,164 - INFO - 获取到 orgId: 920375 -> gfbj0831175
2025-12-18 09:30:44,281 - WARNING - 未找到招股书: 920375
2025-12-18 09:30:44,281 - INFO - [14/1905] 正在处理 301459 丰茂股份...
2025-12-18 09:30:45,451 - INFO - 获取到 orgId: 301459 -> 9900048173
2025-12-18 09:30:48,645 - INFO - 搜索到的公告标题: ['首次公开发行股票并在创业板上市<em>招股说明书</em>']
2025-12-18 09:30:53,715 - INFO - 下载成功: e:\Privy\A-Share-IPO-Prospectuses\data\pdfs\301459_丰茂股份.pdf
2025-12-18 09:30:53,715 - INFO - [15/1905] 正在处理 920547 无锡晶海...
2025-12-18 09:30:54,794 - INFO - 获取到 orgId: 920547 -> gfbj0836547
2025-12-18 09:30:57,742 - WARNING - 未找到招股书: 920547
2025-12-18 09:30:57,742 - INFO - [16/1905] 正在处理 001239 永达股份...
2025-12-18 09:30:59,247 - INFO - 获取到 orgId: 001239 -> 9900054494
2025-12-18 09:31:01,188 - INFO - 搜索到的公告标题: ['首次公开发行股票并在主板上市<em>招股说明书</em>']
2025-12-18 09:31:07,139 - INFO - 下载成功: e:\Privy\A-Share-IPO-Prospectuses\data\pdfs\001239_永达股份.pdf
2025-12-18 09:31:07,139 - INFO - [17/1905] 正在处理 301516 中远通...
2025-12-18 09:31:08,092 - INFO - 获取到 orgId: 301516 -> 9900046543
2025-12-18 09:31:10,475 - INFO - 搜索到的公告标题: ['首次公开发行股票并在创业板上市<em>招股说明书</em>']
2025-12-18 09:31:18,188 - INFO - 下载成功: e:\Privy\A-Share-IPO-Prospectuses\data\pdfs\301516_中远通.pdf
2025-12-18 09:31:18,188 - INFO - [18/1905] 正在处理 688720 艾森股份...
2025-12-18 09:31:19,309 - INFO - 获取到 orgId: 688720 -> 9900046652
2025-12-18 09:31:21,224 - INFO - 搜索到的公告标题: ['艾森股份首次公开发行股票并在科创板上市<em>招股说明书</em>提示性公告', '艾森股份首次公开发行股票并在科创板上市<em>招股说明书</em>']
2025-12-18 09:31:24,128 - INFO - 下载成功: e:\Privy\A-Share-IPO-Prospectuses\data\pdfs\688720_艾森股份.pdf
2025-12-18 09:31:24,129 - INFO - [19/1905] 正在处理 920703 广厦环能...
2025-12-18 09:31:25,103 - INFO - 获取到 orgId: 920703 -> gfbj0833747
2025-12-18 09:31:26,462 - WARNING - 未找到招股书: 920703
2025-12-18 09:31:26,462 - INFO - [20/1905] 正在处理 601083 锦江航运...
2025-12-18 09:31:27,806 - INFO - 获取到 orgId: 601083 -> 9900057394
2025-12-18 09:31:30,211 - INFO - 搜索到的公告标题: ['锦江航运首次公开发行股票并在主板上市<em>招股说明书</em>', '锦江航运首次公开发行股票并在主板上市<em>招股说明书</em>提示性公告']
2025-12-18 09:31:41,402 - INFO - 下载成功: e:\Privy\A-Share-IPO-Prospectuses\data\pdfs\601083_锦江航运.pdf
2025-12-18 09:31:41,402 - INFO - [21/1905] 正在处理 301508 中机认检...
2025-12-18 09:31:42,516 - INFO - 获取到 orgId: 301508 -> 9900054181
2025-12-18 09:31:43,835 - INFO - 搜索到的公告标题: ['首次公开发行股票并在创业板上市<em>招股说明书</em>']
2025-12-18 09:31:47,889 - INFO - 下载成功: e:\Privy\A-Share-IPO-Prospectuses\data\pdfs\301508_中机认检.pdf
2025-12-18 09:31:47,890 - INFO - [22/1905] 正在处理 920579 机科股份...
2025-12-18 09:31:49,242 - INFO - 获取到 orgId: 920579 -> gfbj0835579
2025-12-18 09:31:50,682 - WARNING - 未找到招股书: 920579
2025-12-18 09:31:50,683 - INFO - [23/1905] 正在处理 688652 京仪装备...
2025-12-18 09:31:51,939 - INFO - 获取到 orgId: 688652 -> 9900053046
2025-12-18 09:31:54,988 - INFO - 搜索到的公告标题: ['京仪装备首次公开发行股票并在科创板上市<em>招股说明书</em>提示性公告', '京仪装备首次公开发行股票并在科创板上市<em>招股说明书</em>']
2025-12-18 09:31:59,381 - INFO - 下载成功: e:\Privy\A-Share-IPO-Prospectuses\data\pdfs\688652_京仪装备.pdf
2025-12-18 09:31:59,382 - INFO - [24/1905] 正在处理 301568 思泰克...
2025-12-18 09:32:01,001 - INFO - 获取到 orgId: 301568 -> 9900033932
2025-12-18 09:32:02,814 - INFO - 搜索到的公告标题: ['首次公开发行股票并在创业板上市<em>招股说明书</em>']
2025-12-18 09:32:08,901 - INFO - 下载成功: e:\Privy\A-Share-IPO-Prospectuses\data\pdfs\301568_思泰克.pdf
2025-12-18 09:32:08,902 - INFO - [25/1905] 正在处理 920570 坤博精工...
2025-12-18 09:32:09,873 - INFO - 获取到 orgId: 920570 -> gfbj0873570
2025-12-18 09:32:13,014 - WARNING - 未找到招股书: 920570
2025-12-18 09:32:13,015 - INFO - [26/1905] 正在处理 688653 康希通信...
2025-12-18 09:32:13,647 - INFO - 获取到 orgId: 688653 -> 9900057354
2025-12-18 09:32:16,329 - INFO - 搜索到的公告标题: ['康希通信首次公开发行股票并在科创板上市<em>招股说明书</em>提示性公告', '康希通信首次公开发行股票并在科创板上市<em>招股说明书</em>']
2025-12-18 09:32:20,923 - INFO - 下载成功: e:\Privy\A-Share-IPO-Prospectuses\data\pdfs\688653_康希通信.pdf
2025-12-18 09:32:20,923 - INFO - [27/1905] 正在处理 920522 纳科诺尔...
2025-12-18 09:32:22,338 - INFO - 获取到 orgId: 920522 -> gfbj0832522
2025-12-18 09:32:25,284 - WARNING - 未找到招股书: 920522
2025-12-18 09:32:25,284 - INFO - [28/1905] 正在处理 920132 泰鹏智能...
2025-12-18 09:32:26,280 - INFO - 获取到 orgId: 920132 -> gfbj0873132
2025-12-18 09:32:27,948 - WARNING - 未找到招股书: 920132
2025-12-18 09:32:27,949 - INFO - [29/1905] 正在处理 001306 夏厦精密...
2025-12-18 09:32:29,227 - INFO - 获取到 orgId: 001306 -> 9900047779
2025-12-18 09:32:32,056 - INFO - 搜索到的公告标题: ['首次公开发行股票并在主板上市<em>招股说明书</em>']
2025-12-18 09:32:36,083 - INFO - 下载成功: e:\Privy\A-Share-IPO-Prospectuses\data\pdfs\001306_夏厦精密.pdf
2025-12-18 09:32:36,084 - INFO - [30/1905] 正在处理 688648 中邮科技...
2025-12-18 09:32:37,871 - INFO - 获取到 orgId: 688648 -> 9900053181
2025-12-18 09:32:40,841 - INFO - 搜索到的公告标题: ['中邮科技首次公开发行股票并在科创板上市<em>招股说明书</em>提示性公告', '中邮科技首次公开发行股票并在科创板上市<em>招股说明书</em>']
2025-12-18 09:32:45,258 - INFO - 下载成功: e:\Privy\A-Share-IPO-Prospectuses\data\pdfs\688648_中邮科技.pdf
2025-12-18 09:32:45,259 - INFO - [31/1905] 正在处理 920679 前进科技...
2025-12-18 09:32:47,023 - INFO - 获取到 orgId: 920679 -> nssc1000287
2025-12-18 09:32:49,534 - WARNING - 未找到招股书: 920679
2025-12-18 09:32:49,534 - INFO - [32/1905] 正在处理 001326 联域股份...
2025-12-18 09:32:50,475 - INFO - 获取到 orgId: 001326 -> 9900055651
2025-12-18 09:32:53,735 - INFO - 搜索到的公告标题: ['首次公开发行股票并在主板上市<em>招股说明书</em>']
2025-12-18 09:32:59,322 - INFO - 下载成功: e:\Privy\A-Share-IPO-Prospectuses\data\pdfs\001326_联域股份.pdf
2025-12-18 09:32:59,322 - INFO - [33/1905] 正在处理 920833 美心翼申...
2025-12-18 09:33:00,198 - INFO - 获取到 orgId: 920833 -> gfbj0833959
2025-12-18 09:33:01,855 - WARNING - 未找到招股书: 920833
2025-12-18 09:33:01,855 - INFO - [34/1905] 正在处理 603062 麦加芯彩...
2025-12-18 09:33:03,379 - INFO - 获取到 orgId: 603062 -> 9900056874
2025-12-18 09:33:06,554 - INFO - 搜索到的公告标题: ['麦加芯彩首次公开发行股票并在主板上市<em>招股说明书</em>', '麦加芯彩首次公开发行股票并在主板上市<em>招股说明书</em>提示性公告']
2025-12-18 09:33:12,172 - INFO - 下载成功: e:\Privy\A-Share-IPO-Prospectuses\data\pdfs\603062_麦加芯彩.pdf
2025-12-18 09:33:12,172 - INFO - [35/1905] 正在处理 001376 百通能源...
2025-12-18 09:33:13,135 - INFO - 获取到 orgId: 001376 -> gfbj0835359
2025-12-18 09:33:15,377 - INFO - 搜索到的公告标题: ['首次公开发行股票<em>招股说明书</em>摘要', '首次公开发行股票<em>招股说明书</em>']
2025-12-18 09:33:21,378 - INFO - 下载成功: e:\Privy\A-Share-IPO-Prospectuses\data\pdfs\001376_百通能源.pdf
2025-12-18 09:33:21,379 - INFO - [36/1905] 正在处理 920130 立方控股...
2025-12-18 09:33:22,890 - INFO - 获取到 orgId: 920130 -> gfbj0833030
2025-12-18 09:33:25,535 - WARNING - 未找到招股书: 920130
2025-12-18 09:33:25,535 - INFO - [37/1905] 正在处理 920493 并行科技...
2025-12-18 09:33:27,112 - INFO - 获取到 orgId: 920493 -> gfbj0839493
2025-12-18 09:33:29,956 - WARNING - 未找到招股书: 920493
2025-12-18 09:33:29,957 - INFO - [38/1905] 正在处理 603107 上海汽配...
2025-12-18 09:33:31,354 - INFO - 获取到 orgId: 603107 -> nssc1000420
2025-12-18 09:33:34,554 - INFO - 搜索到的公告标题: ['上海汽配首次公开发行股票并在主板上市<em>招股说明书</em>提示性公告', '上海汽配首次公开发行股票并在主板上市<em>招股说明书</em>']
2025-12-18 09:33:40,692 - INFO - 下载成功: e:\Privy\A-Share-IPO-Prospectuses\data\pdfs\603107_上海汽配.pdf
2025-12-18 09:33:40,692 - INFO - [39/1905] 正在处理 301555 惠柏新材...
2025-12-18 09:33:41,716 - INFO - 获取到 orgId: 301555 -> gfbj0832862
2025-12-18 09:33:44,215 - INFO - 搜索到的公告标题: ['关于《首次公开发行股票并在创业板上市<em>招股说明书</em>》的更正公告', '首次公开发行股票并在创业板上市<em>招股说明书</em>（更正后）', '首次公开发行股票并在创业板上市<em>招股说明书</em>']
2025-12-18 09:33:48,269 - INFO - 下载成功: e:\Privy\A-Share-IPO-Prospectuses\data\pdfs\301555_惠柏新材.pdf
2025-12-18 09:33:48,269 - INFO - [40/1905] 正在处理 001378 德冠新材...
2025-12-18 09:33:49,265 - INFO - 获取到 orgId: 001378 -> 9900023839
2025-12-18 09:33:51,159 - INFO - 搜索到的公告标题: ['首次公开发行股票并在主板上市<em>招股说明书</em>']
2025-12-18 09:33:54,188 - INFO - 下载成功: e:\Privy\A-Share-IPO-Prospectuses\data\pdfs\001378_德冠新材.pdf
2025-12-18 09:33:54,189 - INFO - [41/1905] 正在处理 920693 阿为特...
2025-12-18 09:33:55,832 - INFO - 获取到 orgId: 920693 -> nssc1000029
2025-12-18 09:33:56,987 - WARNING - 未找到招股书: 920693
2025-12-18 09:33:56,988 - INFO - [42/1905] 正在处理 301489 思泉新材...
2025-12-18 09:33:57,820 - INFO - 获取到 orgId: 301489 -> gfbj0839556
2025-12-18 09:34:00,554 - INFO - 搜索到的公告标题: ['首次公开发行股票并在创业板上市<em>招股说明书</em>']
2025-12-18 09:34:05,199 - INFO - 下载成功: e:\Privy\A-Share-IPO-Prospectuses\data\pdfs\301489_思泉新材.pdf
2025-12-18 09:34:05,200 - INFO - [43/1905] 正在处理 603273 天元智能...
2025-12-18 09:34:06,667 - INFO - 获取到 orgId: 603273 -> gfbj0837134
2025-12-18 09:34:09,782 - INFO - 搜索到的公告标题: ['天元智能首次公开发行股票并在主板上市<em>招股说明书</em>提示性公告', '天元智能首次公开发行股票并在主板上市<em>招股说明书</em>']
2025-12-18 09:34:14,245 - INFO - 下载成功: e:\Privy\A-Share-IPO-Prospectuses\data\pdfs\603273_天元智能.pdf
2025-12-18 09:34:14,246 - INFO - [44/1905] 正在处理 920026 卓兆点胶...
2025-12-18 09:34:15,186 - INFO - 获取到 orgId: 920026 -> gfbj0873726
2025-12-18 09:34:18,238 - WARNING - 未找到招股书: 920026
2025-12-18 09:34:18,239 - INFO - [45/1905] 正在处理 603193 润本股份...
2025-12-18 09:34:19,207 - INFO - 获取到 orgId: 603193 -> 9900048636
2025-12-18 09:34:24,397 - INFO - 搜索到的公告标题: ['润本股份首次公开发行股票并在主板上市<em>招股说明书</em>提示性公告', '润本股份首次公开发行股票并在主板上市<em>招股说明书</em>']
2025-12-18 09:34:31,403 - INFO - 下载成功: e:\Privy\A-Share-IPO-Prospectuses\data\pdfs\603193_润本股份.pdf
2025-12-18 09:34:31,404 - INFO - [46/1905] 正在处理 301517 陕西华达...
2025-12-18 09:34:32,394 - INFO - 获取到 orgId: 301517 -> 9900023075
2025-12-18 09:34:35,421 - INFO - 搜索到的公告标题: ['首次公开发行股票并在创业板上市<em>招股说明书</em>']
2025-12-18 09:34:41,531 - INFO - 下载成功: e:\Privy\A-Share-IPO-Prospectuses\data\pdfs\301517_陕西华达.pdf
2025-12-18 09:34:41,531 - INFO - [47/1905] 正在处理 920786 骑士乳业...
2025-12-18 09:34:42,989 - INFO - 获取到 orgId: 920786 -> gfbj0832786
2025-12-18 09:34:45,733 - WARNING - 未找到招股书: 920786
2025-12-18 09:34:45,734 - INFO - [48/1905] 正在处理 301559 中集环科...
2025-12-18 09:34:47,351 - INFO - 获取到 orgId: 301559 -> 9900048898
2025-12-18 09:34:49,594 - INFO - 搜索到的公告标题: ['首次公开发行股票并在创业板上市<em>招股说明书</em>']
2025-12-18 09:34:56,484 - INFO - 下载成功: e:\Privy\A-Share-IPO-Prospectuses\data\pdfs\301559_中集环科.pdf
2025-12-18 09:34:56,485 - INFO - [49/1905] 正在处理 688657 浩辰软件...
2025-12-18 09:34:58,202 - INFO - 获取到 orgId: 688657 -> gfbj0832097
2025-12-18 09:35:00,166 - INFO - 搜索到的公告标题: ['浩辰软件首次公开发行股票并在科创板上市<em>招股说明书</em>提示性公告', '浩辰软件首次公开发行股票并在科创板上市<em>招股说明书</em>']
2025-12-18 09:35:09,923 - INFO - 下载成功: e:\Privy\A-Share-IPO-Prospectuses\data\pdfs\688657_浩辰软件.pdf
2025-12-18 09:35:09,924 - INFO - [50/1905] 正在处理 920978 开特股份...
2025-12-18 09:35:11,197 - INFO - 获取到 orgId: 920978 -> gfbj0832978
2025-12-18 09:35:14,181 - WARNING - 未找到招股书: 920978
2025-12-18 09:35:14,182 - INFO - [51/1905] 正在处理 688719 爱科赛博...
2025-12-18 09:35:15,292 - INFO - 获取到 orgId: 688719 -> 9900031471
2025-12-18 09:35:18,583 - INFO - 搜索到的公告标题: ['爱科赛博首次公开发行股票并在科创板上市<em>招股说明书</em>提示性公告', '爱科赛博首次公开发行股票并在科创板上市<em>招股说明书</em>']
2025-12-18 09:35:27,823 - INFO - 下载成功: e:\Privy\A-Share-IPO-Prospectuses\data\pdfs\688719_爱科赛博.pdf
2025-12-18 09:35:27,823 - INFO - [52/1905] 正在处理 301558 三态股份...
2025-12-18 09:35:29,974 - INFO - 获取到 orgId: 301558 -> gfbj0430754
2025-12-18 09:35:31,591 - INFO - 搜索到的公告标题: ['首次公开发行股票并在创业板上市<em>招股说明书</em>']
2025-12-18 09:35:50,836 - INFO - 下载成功: e:\Privy\A-Share-IPO-Prospectuses\data\pdfs\301558_三态股份.pdf
2025-12-18 09:35:50,837 - INFO - [53/1905] 正在处理 920665 科强股份...
2025-12-18 09:35:52,367 - INFO - 获取到 orgId: 920665 -> gfbj0872059
2025-12-18 09:35:55,003 - WARNING - 未找到招股书: 920665
2025-12-18 09:35:55,004 - INFO - [54/1905] 正在处理 603276 恒兴新材...
2025-12-18 09:35:55,859 - INFO - 获取到 orgId: 603276 -> 9900047855
2025-12-18 09:35:58,858 - INFO - 搜索到的公告标题: ['恒兴新材首次公开发行股票并在主板上市<em>招股说明书</em>', '恒兴新材首次公开发行股票并在主板上市<em>招股说明书</em>提示性公告']
2025-12-18 09:36:02,930 - INFO - 下载成功: e:\Privy\A-Share-IPO-Prospectuses\data\pdfs\603276_恒兴新材.pdf
2025-12-18 09:36:02,931 - INFO - [55/1905] 正在处理 301520 万邦医药...
2025-12-18 09:36:04,800 - INFO - 获取到 orgId: 301520 -> 9900053910
2025-12-18 09:36:08,057 - INFO - 搜索到的公告标题: ['首次公开发行股票并在创业板上市<em>招股说明书</em>']
2025-12-18 09:36:14,837 - INFO - 下载成功: e:\Privy\A-Share-IPO-Prospectuses\data\pdfs\301520_万邦医药.pdf
2025-12-18 09:36:14,838 - INFO - [56/1905] 正在处理 301500 飞南资源...
2025-12-18 09:36:16,648 - INFO - 获取到 orgId: 301500 -> 9900041459
2025-12-18 09:36:19,515 - INFO - 搜索到的公告标题: ['首次公开发行股票并在创业板上市<em>招股说明书</em>']
2025-12-18 09:36:28,543 - INFO - 下载成功: e:\Privy\A-Share-IPO-Prospectuses\data\pdfs\301500_飞南资源.pdf
2025-12-18 09:36:28,543 - INFO - [57/1905] 正在处理 688716 中研股份...
2025-12-18 09:36:30,627 - INFO - 获取到 orgId: 688716 -> gfbj0835017
2025-12-18 09:36:33,746 - INFO - 搜索到的公告标题: ['中研股份首次公开发行股票并在科创板上市<em>招股说明书</em>', '中研股份首次公开发行股票并在科创板上市<em>招股说明书</em>提示性公告']
2025-12-18 09:36:41,518 - INFO - 下载成功: e:\Privy\A-Share-IPO-Prospectuses\data\pdfs\688716_中研股份.pdf
2025-12-18 09:36:41,518 - INFO - [58/1905] 正在处理 301548 崇德科技...
2025-12-18 09:36:43,461 - INFO - 获取到 orgId: 301548 -> 9900047303
2025-12-18 09:36:46,121 - INFO - 搜索到的公告标题: ['首次公开发行股票并在创业板上市<em>招股说明书</em>']
2025-12-18 09:36:52,923 - INFO - 下载成功: e:\Privy\A-Share-IPO-Prospectuses\data\pdfs\301548_崇德科技.pdf
2025-12-18 09:36:52,923 - INFO - [59/1905] 正在处理 920469 富恒新材...
2025-12-18 09:36:54,437 - INFO - 获取到 orgId: 920469 -> gfbj0832469
2025-12-18 09:36:56,490 - WARNING - 未找到招股书: 920469
2025-12-18 09:36:56,491 - INFO - [60/1905] 正在处理 920519 万德股份...
2025-12-18 09:36:57,423 - INFO - 获取到 orgId: 920519 -> gfbj0836419
2025-12-18 09:37:00,600 - WARNING - 未找到招股书: 920519
2025-12-18 09:37:00,600 - INFO - [61/1905] 正在处理 301550 斯菱股份...
2025-12-18 09:37:02,842 - INFO - 获取到 orgId: 301550 -> gfbj0832147
2025-12-18 09:37:05,571 - INFO - 搜索到的公告标题: ['首次公开发行股票并在创业板上市<em>招股说明书</em>']
2025-12-18 09:37:13,358 - INFO - 下载成功: e:\Privy\A-Share-IPO-Prospectuses\data\pdfs\301550_斯菱股份.pdf
2025-12-18 09:37:13,358 - INFO - [62/1905] 正在处理 688702 盛科通信-U...
2025-12-18 09:37:15,285 - INFO - 获取到 orgId: 688702 -> 9900053025
2025-12-18 09:37:18,217 - INFO - 搜索到的公告标题: ['盛科通信首次公开发行股票并在科创板上市<em>招股说明书</em>', '盛科通信首次公开发行股票并在科创板上市<em>招股说明书</em>提示性公告']
2025-12-18 09:37:24,159 - INFO - 下载成功: e:\Privy\A-Share-IPO-Prospectuses\data\pdfs\688702_盛科通信-U.pdf
2025-12-18 09:37:24,159 - INFO - [63/1905] 正在处理 603075 热威股份...
2025-12-18 09:37:25,849 - INFO - 获取到 orgId: 603075 -> nssc1000638
2025-12-18 09:37:28,327 - INFO - 搜索到的公告标题: ['热威股份首次公开发行股票并在主板上市<em>招股说明书</em>提示性公告', '热威股份首次公开发行股票并在主板上市<em>招股说明书</em>']
2025-12-18 09:37:40,223 - INFO - 下载成功: e:\Privy\A-Share-IPO-Prospectuses\data\pdfs\603075_热威股份.pdf
2025-12-18 09:37:40,223 - INFO - [64/1905] 正在处理 301529 福赛科技...
2025-12-18 09:37:41,804 - INFO - 获取到 orgId: 301529 -> 9900048056
2025-12-18 09:37:43,332 - INFO - 搜索到的公告标题: ['首次公开发行股票并在创业板上市<em>招股说明书</em>']
2025-12-18 09:37:49,408 - INFO - 下载成功: e:\Privy\A-Share-IPO-Prospectuses\data\pdfs\301529_福赛科技.pdf
2025-12-18 09:37:49,408 - INFO - [65/1905] 正在处理 688549 中巨芯-U...
2025-12-18 09:37:51,395 - INFO - 获取到 orgId: 688549 -> 9900052780
2025-12-18 09:37:52,666 - INFO - 搜索到的公告标题: ['中巨芯首次公开发行股票并在科创板上市<em>招股说明书</em>', '中巨芯首次公开发行股票并在科创板上市<em>招股说明书</em>提示性公告']
2025-12-18 09:38:01,604 - INFO - 下载成功: e:\Privy\A-Share-IPO-Prospectuses\data\pdfs\688549_中巨芯-U.pdf
2025-12-18 09:38:01,604 - INFO - [66/1905] 正在处理 920627 力王股份...
2025-12-18 09:38:02,930 - INFO - 获取到 orgId: 920627 -> gfbj0831627
2025-12-18 09:38:04,882 - WARNING - 未找到招股书: 920627
2025-12-18 09:38:04,883 - INFO - [67/1905] 正在处理 301251 威尔高...
2025-12-18 09:38:05,925 - INFO - 获取到 orgId: 301251 -> 9900053345
2025-12-18 09:38:08,910 - INFO - 搜索到的公告标题: ['首次公开发行股票并在创业板上市<em>招股说明书</em>']
2025-12-18 09:38:17,368 - INFO - 下载成功: e:\Privy\A-Share-IPO-Prospectuses\data\pdfs\301251_威尔高.pdf
2025-12-18 09:38:17,369 - INFO - [68/1905] 正在处理 301507 民生健康...
2025-12-18 09:38:19,282 - INFO - 获取到 orgId: 301507 -> 9900052710
2025-12-18 09:38:21,203 - INFO - 搜索到的公告标题: ['首次公开发行股票并在创业板上市<em>招股说明书</em>']
2025-12-18 09:38:29,086 - INFO - 下载成功: e:\Privy\A-Share-IPO-Prospectuses\data\pdfs\301507_民生健康.pdf
2025-12-18 09:38:29,087 - INFO - [69/1905] 正在处理 920976 视声智能...
2025-12-18 09:38:31,012 - INFO - 获取到 orgId: 920976 -> gfbj0870976
2025-12-18 09:38:32,402 - WARNING - 未找到招股书: 920976
2025-12-18 09:38:32,402 - INFO - [70/1905] 正在处理 603270 金帝股份...
2025-12-18 09:38:33,387 - INFO - 获取到 orgId: 603270 -> 9900049007
2025-12-18 09:38:35,108 - INFO - 搜索到的公告标题: ['金帝股份首次公开发行股票并在主板上市<em>招股说明书</em>提示性公告', '金帝股份首次公开发行股票并在主板上市<em>招股说明书</em>']
2025-12-18 09:38:39,087 - INFO - 下载成功: e:\Privy\A-Share-IPO-Prospectuses\data\pdfs\603270_金帝股份.pdf
2025-12-18 09:38:39,087 - INFO - [71/1905] 正在处理 301525 儒竞科技...
2025-12-18 09:38:41,286 - INFO - 获取到 orgId: 301525 -> 9900048766
2025-12-18 09:38:51,305 - INFO - 搜索到的公告标题: ['首次公开发行股票并在创业板上市<em>招股说明书</em>']
2025-12-18 09:38:57,478 - INFO - 下载成功: e:\Privy\A-Share-IPO-Prospectuses\data\pdfs\301525_儒竞科技.pdf
2025-12-18 09:38:57,478 - INFO - [72/1905] 正在处理 301528 多浦乐...
2025-12-18 09:38:58,645 - INFO - 获取到 orgId: 301528 -> 9900046977
2025-12-18 09:39:01,881 - INFO - 搜索到的公告标题: ['首次公开发行股票并在创业板上市<em>招股说明书</em>']
2025-12-18 09:39:06,119 - INFO - 下载成功: e:\Privy\A-Share-IPO-Prospectuses\data\pdfs\301528_多浦乐.pdf
2025-12-18 09:39:06,120 - INFO - [73/1905] 正在处理 688591 泰凌微...
2025-12-18 09:39:07,246 - INFO - 获取到 orgId: 688591 -> 9900048793
2025-12-18 09:39:09,573 - INFO - 搜索到的公告标题: ['泰凌微首次公开发行股票并在科创板上市<em>招股说明书</em>', '泰凌微首次公开发行股票并在科创板上市<em>招股说明书</em>提示性公告']
2025-12-18 09:39:14,673 - INFO - 下载成功: e:\Privy\A-Share-IPO-Prospectuses\data\pdfs\688591_泰凌微.pdf
2025-12-18 09:39:14,674 - INFO - [74/1905] 正在处理 920953 国子软件...
2025-12-18 09:39:16,137 - INFO - 获取到 orgId: 920953 -> gfbj0872953
2025-12-18 09:39:18,909 - WARNING - 未找到招股书: 920953
2025-12-18 09:39:18,909 - INFO - [75/1905] 正在处理 603275 众辰科技...
2025-12-18 09:39:20,549 - INFO - 获取到 orgId: 603275 -> 9900047327
2025-12-18 09:39:23,478 - INFO - 搜索到的公告标题: ['众辰科技首次公开发行股票并在主板上市<em>招股说明书</em>', '众辰科技首次公开发行股票并在主板上市<em>招股说明书</em>提示性公告']
2025-12-18 09:39:29,120 - INFO - 下载成功: e:\Privy\A-Share-IPO-Prospectuses\data\pdfs\603275_众辰科技.pdf
2025-12-18 09:39:29,120 - INFO - [76/1905] 正在处理 301421 波长光电...
2025-12-18 09:39:30,654 - INFO - 获取到 orgId: 301421 -> gfbj0831518
2025-12-18 09:39:34,072 - INFO - 搜索到的公告标题: ['首次公开发行股票并在创业板上市<em>招股说明书</em>']
2025-12-18 09:39:40,462 - INFO - 下载成功: e:\Privy\A-Share-IPO-Prospectuses\data\pdfs\301421_波长光电.pdf
2025-12-18 09:39:40,462 - INFO - [77/1905] 正在处理 301469 恒达新材...
2025-12-18 09:39:42,809 - INFO - 获取到 orgId: 301469 -> gfbj0835147
2025-12-18 09:39:45,119 - INFO - 搜索到的公告标题: ['首次公开发行股票并在创业板上市<em>招股说明书</em>']
2025-12-18 09:39:49,241 - INFO - 下载成功: e:\Privy\A-Share-IPO-Prospectuses\data\pdfs\301469_恒达新材.pdf
2025-12-18 09:39:49,241 - INFO - [78/1905] 正在处理 301418 协昌科技...
2025-12-18 09:39:50,362 - INFO - 获取到 orgId: 301418 -> gfbj0831954
2025-12-18 09:39:53,510 - INFO - 搜索到的公告标题: ['首次公开发行股票并在创业板上市<em>招股说明书</em>']
2025-12-18 09:40:04,070 - INFO - 下载成功: e:\Privy\A-Share-IPO-Prospectuses\data\pdfs\301418_协昌科技.pdf
2025-12-18 09:40:04,071 - INFO - [79/1905] 正在处理 920274 宏裕包材...
2025-12-18 09:40:06,215 - INFO - 获取到 orgId: 920274 -> gfbj0837174
2025-12-18 09:40:08,719 - WARNING - 未找到招股书: 920274
2025-12-18 09:40:08,719 - INFO - [80/1905] 正在处理 688693 锴威特...
2025-12-18 09:40:10,181 - INFO - 获取到 orgId: 688693 -> 9900055875
2025-12-18 09:40:12,333 - INFO - 搜索到的公告标题: ['锴威特首次公开发行股票并在科创板上市<em>招股说明书</em>', '锴威特首次公开发行股票并在科创板上市<em>招股说明书</em>提示性公告']
2025-12-18 09:40:17,708 - INFO - 下载成功: e:\Privy\A-Share-IPO-Prospectuses\data\pdfs\688693_锴威特.pdf
2025-12-18 09:40:17,709 - INFO - [81/1905] 正在处理 301533 威马农机...
2025-12-18 09:40:19,847 - INFO - 获取到 orgId: 301533 -> 9900047756
2025-12-18 09:40:21,810 - INFO - 搜索到的公告标题: ['首次公开发行股票并在创业板上市<em>招股说明书</em>']
2025-12-18 09:40:29,342 - INFO - 下载成功: e:\Privy\A-Share-IPO-Prospectuses\data\pdfs\301533_威马农机.pdf
2025-12-18 09:40:29,342 - INFO - [82/1905] 正在处理 920504 博迅生物...
2025-12-18 09:40:31,031 - INFO - 获取到 orgId: 920504 -> gfbj0836504
2025-12-18 09:40:33,545 - WARNING - 未找到招股书: 920504
2025-12-18 09:40:33,545 - INFO - [83/1905] 正在处理 688573 信宇人...
2025-12-18 09:40:35,017 - INFO - 获取到 orgId: 688573 -> 9900041756
2025-12-18 09:40:36,890 - INFO - 搜索到的公告标题: ['信宇人首次公开发行股票并在科创板上市<em>招股说明书</em>', '信宇人首次公开发行股票并在科创板上市<em>招股说明书</em>提示性公告']
2025-12-18 09:40:42,626 - INFO - 下载成功: e:\Privy\A-Share-IPO-Prospectuses\data\pdfs\688573_信宇人.pdf
2025-12-18 09:40:42,627 - INFO - [84/1905] 正在处理 301511 德福科技...
2025-12-18 09:40:44,692 - INFO - 获取到 orgId: 301511 -> 9900041613
2025-12-18 09:40:47,417 - INFO - 搜索到的公告标题: ['首次公开发行股票并在创业板上市<em>招股说明书</em>']
2025-12-18 09:40:53,547 - INFO - 下载成功: e:\Privy\A-Share-IPO-Prospectuses\data\pdfs\301511_德福科技.pdf
2025-12-18 09:40:53,547 - INFO - [85/1905] 正在处理 920748 路桥信息...
2025-12-18 09:40:55,545 - INFO - 获取到 orgId: 920748 -> gfbj0837748
2025-12-18 09:40:57,118 - WARNING - 未找到招股书: 920748
2025-12-18 09:40:57,118 - INFO - [86/1905] 正在处理 688592 司南导航...
2025-12-18 09:40:58,549 - INFO - 获取到 orgId: 688592 -> gfbj0833972
2025-12-18 09:41:02,002 - INFO - 搜索到的公告标题: ['司南导航首次公开发行股票并在科创板上市<em>招股说明书</em>提示性公告', '司南导航首次公开发行股票并在科创板上市<em>招股说明书</em>']
2025-12-18 09:41:07,226 - INFO - 下载成功: e:\Privy\A-Share-IPO-Prospectuses\data\pdfs\688592_司南导航.pdf
2025-12-18 09:41:07,226 - INFO - [87/1905] 正在处理 301498 乖宝宠物...
2025-12-18 09:41:09,304 - INFO - 获取到 orgId: 301498 -> 9900046969
2025-12-18 09:41:12,365 - INFO - 搜索到的公告标题: ['首次公开发行股票并在创业板上市<em>招股说明书</em>']
2025-12-18 09:42:04,271 - INFO - 下载成功: e:\Privy\A-Share-IPO-Prospectuses\data\pdfs\301498_乖宝宠物.pdf
2025-12-18 09:42:04,272 - INFO - [88/1905] 正在处理 688548 广钢气体...
2025-12-18 09:42:05,906 - INFO - 获取到 orgId: 688548 -> 9900057373
2025-12-18 09:42:08,900 - INFO - 搜索到的公告标题: ['广钢气体首次公开发行股票并在科创板上市<em>招股说明书</em>提示性公告', '广钢气体首次公开发行股票并在科创板上市<em>招股说明书</em>']
2025-12-18 09:42:12,679 - INFO - 下载成功: e:\Privy\A-Share-IPO-Prospectuses\data\pdfs\688548_广钢气体.pdf
2025-12-18 09:42:12,679 - INFO - [89/1905] 正在处理 301510 固高科技...
2025-12-18 09:42:14,295 - INFO - 获取到 orgId: 301510 -> 9900053178
2025-12-18 09:42:16,607 - INFO - 搜索到的公告标题: ['首次公开发行股票并在创业板上市<em>招股说明书</em>']
2025-12-18 09:42:23,539 - INFO - 下载成功: e:\Privy\A-Share-IPO-Prospectuses\data\pdfs\301510_固高科技.pdf
2025-12-18 09:42:23,539 - INFO - [90/1905] 正在处理 301372 科净源...
2025-12-18 09:42:25,376 - INFO - 获取到 orgId: 301372 -> 9900009408
2025-12-18 09:42:29,436 - INFO - 搜索到的公告标题: ['首次公开发行股票并在创业板上市<em>招股说明书</em>']
2025-12-18 09:42:39,458 - INFO - 下载成功: e:\Privy\A-Share-IPO-Prospectuses\data\pdfs\301372_科净源.pdf
2025-12-18 09:42:39,458 - INFO - [91/1905] 正在处理 920058 华洋赛车...
2025-12-18 09:42:40,730 - INFO - 获取到 orgId: 920058 -> gfbj0834058
2025-12-18 09:42:43,149 - WARNING - 未找到招股书: 920058
2025-12-18 09:42:43,149 - INFO - [92/1905] 正在处理 301348 蓝箭电子...
2025-12-18 09:42:44,305 - INFO - 获取到 orgId: 301348 -> 9900041457
2025-12-18 09:42:46,721 - INFO - 搜索到的公告标题: ['首次公开发行股票并在创业板上市<em>招股说明书</em>']
2025-12-18 09:42:54,239 - INFO - 下载成功: e:\Privy\A-Share-IPO-Prospectuses\data\pdfs\301348_蓝箭电子.pdf
2025-12-18 09:42:54,240 - INFO - [93/1905] 正在处理 688671 碧兴物联...
2025-12-18 09:42:56,039 - INFO - 获取到 orgId: 688671 -> 9900048797
2025-12-18 09:42:58,980 - INFO - 搜索到的公告标题: ['碧兴物联首次公开发行股票并在科创板上市<em>招股说明书</em>提示性公告', '碧兴物联首次公开发行股票并在科创板上市<em>招股说明书</em>']
2025-12-18 09:43:05,805 - INFO - 下载成功: e:\Privy\A-Share-IPO-Prospectuses\data\pdfs\688671_碧兴物联.pdf
2025-12-18 09:43:05,805 - INFO - [94/1905] 正在处理 301487 盟固利...
2025-12-18 09:43:07,340 - INFO - 获取到 orgId: 301487 -> 9900051422
2025-12-18 09:43:10,438 - INFO - 搜索到的公告标题: ['首次公开发行股票并在创业板上市<em>招股说明书</em>']
2025-12-18 09:43:18,389 - INFO - 下载成功: e:\Privy\A-Share-IPO-Prospectuses\data\pdfs\301487_盟固利.pdf
2025-12-18 09:43:18,389 - INFO - [95/1905] 正在处理 300904 威力传动...
2025-12-18 09:43:20,219 - INFO - 获取到 orgId: 300904 -> gfbj0871626
2025-12-18 09:43:21,596 - INFO - 搜索到的公告标题: ['首次公开发行股票并在创业板上市<em>招股说明书</em>']
2025-12-18 09:43:27,799 - INFO - 下载成功: e:\Privy\A-Share-IPO-Prospectuses\data\pdfs\300904_威力传动.pdf
2025-12-18 09:43:27,799 - INFO - [96/1905] 正在处理 920926 鸿智科技...
2025-12-18 09:43:29,618 - INFO - 获取到 orgId: 920926 -> gfbj0870726
2025-12-18 09:43:32,162 - WARNING - 未找到招股书: 920926
2025-12-18 09:43:32,162 - INFO - [97/1905] 正在处理 603296 华勤技术...
2025-12-18 09:43:33,320 - INFO - 获取到 orgId: 603296 -> 9900047877
2025-12-18 09:43:36,383 - INFO - 搜索到的公告标题: ['华勤技术首次公开发行股票并在主板上市<em>招股说明书</em>提示性公告', '华勤技术首次公开发行股票并在主板上市<em>招股说明书</em>']
2025-12-18 09:43:45,675 - INFO - 下载成功: e:\Privy\A-Share-IPO-Prospectuses\data\pdfs\603296_华勤技术.pdf
2025-12-18 09:43:45,676 - INFO - [98/1905] 正在处理 688347 华虹公司...
2025-12-18 09:43:47,449 - INFO - 获取到 orgId: 688347 -> 9900029531
2025-12-18 09:43:50,568 - INFO - 搜索到的公告标题: ['华虹公司首次公开发行股票并在科创板上市<em>招股说明书</em>', '华虹公司首次公开发行股票并在科创板上市<em>招股说明书</em>提示性公告']
2025-12-18 09:43:55,272 - INFO - 下载成功: e:\Privy\A-Share-IPO-Prospectuses\data\pdfs\688347_华虹公司.pdf
2025-12-18 09:43:55,272 - INFO - [99/1905] 正在处理 301362 民爆光电...
2025-12-18 09:43:56,397 - INFO - 获取到 orgId: 301362 -> nssc1000312
2025-12-18 09:43:58,563 - INFO - 搜索到的公告标题: ['首次公开发行股票并在创业板上市<em>招股说明书</em>']
2025-12-18 09:44:09,390 - INFO - 下载成功: e:\Privy\A-Share-IPO-Prospectuses\data\pdfs\301362_民爆光电.pdf
2025-12-18 09:44:09,390 - INFO - [100/1905] 正在处理 301518 长华化学...
2025-12-18 09:44:11,602 - INFO - 获取到 orgId: 301518 -> 9900036550
2025-12-18 09:44:13,336 - INFO - 搜索到的公告标题: ['首次公开发行股票并在创业板上市<em>招股说明书</em>']
2025-12-18 09:44:24,301 - INFO - 下载成功: e:\Privy\A-Share-IPO-Prospectuses\data\pdfs\301518_长华化学.pdf
2025-12-18 09:44:24,301 - INFO - [101/1905] 正在处理 301509 金凯生科...
2025-12-18 09:44:26,049 - INFO - 获取到 orgId: 301509 -> 9900048798
2025-12-18 09:44:27,509 - INFO - 搜索到的公告标题: ['首次公开发行股票并在创业板上市<em>招股说明书</em>']
2025-12-18 09:44:33,737 - INFO - 下载成功: e:\Privy\A-Share-IPO-Prospectuses\data\pdfs\301509_金凯生科.pdf
2025-12-18 09:44:33,737 - INFO - [102/1905] 正在处理 603119 浙江荣泰...
2025-12-18 09:44:34,991 - INFO - 获取到 orgId: 603119 -> 9900053442
2025-12-18 09:44:38,042 - INFO - 搜索到的公告标题: ['浙江荣泰首次公开发行股票并在主板上市<em>招股说明书</em>提示性公告', '浙江荣泰首次公开发行股票并在主板上市<em>招股说明书</em>']
2025-12-18 09:45:05,942 - INFO - 下载成功: e:\Privy\A-Share-IPO-Prospectuses\data\pdfs\603119_浙江荣泰.pdf
2025-12-18 09:45:05,943 - INFO - [103/1905] 正在处理 301371 敷尔佳...
2025-12-18 09:45:07,733 - INFO - 获取到 orgId: 301371 -> 9900051394
2025-12-18 09:45:09,940 - INFO - 搜索到的公告标题: ['首次公开发行股票并在创业板上市<em>招股说明书</em>']
2025-12-18 09:45:16,023 - INFO - 下载成功: e:\Privy\A-Share-IPO-Prospectuses\data\pdfs\301371_敷尔佳.pdf
2025-12-18 09:45:16,023 - INFO - [104/1905] 正在处理 688646 ST逸飞...
2025-12-18 09:45:18,260 - INFO - 获取到 orgId: 688646 -> 9900047763
2025-12-18 09:45:21,030 - INFO - 搜索到的公告标题: ['逸飞激光首次公开发行股票并在科创板上市<em>招股说明书</em>', '逸飞激光首次公开发行股票并在科创板上市<em>招股说明书</em>提示性公告']
2025-12-18 09:45:27,087 - INFO - 下载成功: e:\Privy\A-Share-IPO-Prospectuses\data\pdfs\688646_ST逸飞.pdf
2025-12-18 09:45:27,088 - INFO - [105/1905] 正在处理 301519 舜禹股份...
2025-12-18 09:45:28,927 - INFO - 获取到 orgId: 301519 -> gfbj0837004
2025-12-18 09:45:31,031 - INFO - 搜索到的公告标题: ['首次公开发行股票并在创业板上市<em>招股说明书</em>']
2025-12-18 09:45:40,324 - INFO - 下载成功: e:\Privy\A-Share-IPO-Prospectuses\data\pdfs\301519_舜禹股份.pdf
2025-12-18 09:45:40,324 - INFO - [106/1905] 正在处理 688651 盛邦安全...
2025-12-18 09:45:42,211 - INFO - 获取到 orgId: 688651 -> gfbj0836731
2025-12-18 09:45:44,525 - INFO - 搜索到的公告标题: ['盛邦安全首次公开发行股票并在科创板上市<em>招股说明书</em>提示性公告', '盛邦安全首次公开发行股票并在科创板上市<em>招股说明书</em>']
2025-12-18 09:46:00,991 - INFO - 下载成功: e:\Privy\A-Share-IPO-Prospectuses\data\pdfs\688651_盛邦安全.pdf
2025-12-18 09:46:00,992 - INFO - [107/1905] 正在处理 688612 威迈斯...
2025-12-18 09:46:02,234 - INFO - 获取到 orgId: 688612 -> 9900039720
2025-12-18 09:46:05,163 - INFO - 搜索到的公告标题: ['威迈斯首次公开发行股票并在科创板上市<em>招股说明书</em>提示性公告', '威迈斯首次公开发行股票并在科创板上市<em>招股说明书</em>']
2025-12-18 09:46:11,053 - INFO - 下载成功: e:\Privy\A-Share-IPO-Prospectuses\data\pdfs\688612_威迈斯.pdf
2025-12-18 09:46:11,053 - INFO - [108/1905] 正在处理 301172 君逸数码...
2025-12-18 09:46:14,501 - INFO - 获取到 orgId: 301172 -> gfbj0836106
2025-12-18 09:46:16,193 - INFO - 搜索到的公告标题: ['首次公开发行股票并在创业板上市<em>招股说明书</em>']
2025-12-18 09:46:38,470 - INFO - 下载成功: e:\Privy\A-Share-IPO-Prospectuses\data\pdfs\301172_君逸数码.pdf
2025-12-18 09:46:38,471 - INFO - [109/1905] 正在处理 301515 港通医疗...
2025-12-18 09:46:40,190 - INFO - 获取到 orgId: 301515 -> 9900030829
2025-12-18 09:46:42,528 - INFO - 搜索到的公告标题: ['首次公开发行股票并在创业板上市<em>招股说明书</em>']
2025-12-18 09:46:48,036 - INFO - 下载成功: e:\Privy\A-Share-IPO-Prospectuses\data\pdfs\301515_港通医疗.pdf
2025-12-18 09:46:48,036 - INFO - [110/1905] 正在处理 301446 福事特...
2025-12-18 09:46:49,531 - INFO - 获取到 orgId: 301446 -> 9900054175
2025-12-18 09:46:51,813 - INFO - 搜索到的公告标题: ['首次公开发行股票并在创业板上市<em>招股说明书</em>']
2025-12-18 09:46:56,800 - INFO - 下载成功: e:\Privy\A-Share-IPO-Prospectuses\data\pdfs\301446_福事特.pdf
2025-12-18 09:46:56,800 - INFO - [111/1905] 正在处理 688450 光格科技...
2025-12-18 09:46:57,857 - INFO - 获取到 orgId: 688450 -> 9900051380
2025-12-18 09:46:59,658 - INFO - 搜索到的公告标题: ['光格科技首次公开发行股票并在科创板上市<em>招股说明书</em>', '光格科技首次公开发行股票并在科创板上市<em>招股说明书</em>提示性公告']
2025-12-18 09:47:04,267 - INFO - 下载成功: e:\Privy\A-Share-IPO-Prospectuses\data\pdfs\688450_光格科技.pdf
2025-12-18 09:47:04,268 - INFO - [112/1905] 正在处理 301468 博盈特焊...
2025-12-18 09:47:06,684 - INFO - 获取到 orgId: 301468 -> 9900047230
2025-12-18 09:47:08,993 - INFO - 搜索到的公告标题: ['首次公开发行股票并在创业板上市<em>招股说明书</em>']
2025-12-18 09:47:16,783 - INFO - 下载成功: e:\Privy\A-Share-IPO-Prospectuses\data\pdfs\301468_博盈特焊.pdf
2025-12-18 09:47:16,784 - INFO - [113/1905] 正在处理 301499 维科精密...
2025-12-18 09:47:18,345 - INFO - 获取到 orgId: 301499 -> 9900052217
2025-12-18 09:47:21,004 - INFO - 搜索到的公告标题: ['首次公开发行股票并在创业板上市<em>招股说明书</em>']
2025-12-18 09:47:32,068 - INFO - 下载成功: e:\Privy\A-Share-IPO-Prospectuses\data\pdfs\301499_维科精密.pdf
2025-12-18 09:47:32,068 - INFO - [114/1905] 正在处理 920982 锦波生物...
2025-12-18 09:47:33,818 - INFO - 获取到 orgId: 920982 -> gfbj0832982
2025-12-18 09:47:36,841 - WARNING - 未找到招股书: 920982
2025-12-18 09:47:36,841 - INFO - [115/1905] 正在处理 688602 康鹏科技...
2025-12-18 09:47:38,025 - INFO - 获取到 orgId: 688602 -> 9900041744
2025-12-18 09:47:41,067 - INFO - 搜索到的公告标题: ['康鹏科技首次公开发行股票并在科创板上市<em>招股说明书</em>提示性公告', '康鹏科技首次公开发行股票并在科创板上市<em>招股说明书</em>']
2025-12-18 09:47:46,007 - INFO - 下载成功: e:\Privy\A-Share-IPO-Prospectuses\data\pdfs\688602_康鹏科技.pdf
2025-12-18 09:47:46,007 - INFO - [116/1905] 正在处理 301512 智信精密...
2025-12-18 09:47:47,459 - INFO - 获取到 orgId: 301512 -> 9900048805
2025-12-18 09:47:49,049 - INFO - 搜索到的公告标题: ['首次公开发行股票并在创业板上市<em>招股说明书</em>']
2025-12-18 09:47:52,301 - INFO - 下载成功: e:\Privy\A-Share-IPO-Prospectuses\data\pdfs\301512_智信精密.pdf
2025-12-18 09:47:52,301 - INFO - [117/1905] 正在处理 920701 豪声电子...
2025-12-18 09:47:53,802 - INFO - 获取到 orgId: 920701 -> gfbj0838701
2025-12-18 09:47:55,447 - WARNING - 未找到招股书: 920701
2025-12-18 09:47:55,447 - INFO - [118/1905] 正在处理 688610 埃科光电...
2025-12-18 09:47:57,091 - INFO - 获取到 orgId: 688610 -> 9900056071
2025-12-18 09:47:59,515 - INFO - 搜索到的公告标题: ['埃科光电首次公开发行股票并在科创板上市<em>招股说明书</em>', '埃科光电首次公开发行股票并在科创板上市<em>招股说明书</em>提示性公告']
2025-12-18 09:48:05,031 - INFO - 下载成功: e:\Privy\A-Share-IPO-Prospectuses\data\pdfs\688610_埃科光电.pdf
2025-12-18 09:48:05,032 - INFO - [119/1905] 正在处理 688563 航材股份...
2025-12-18 09:48:06,090 - INFO - 获取到 orgId: 688563 -> 9900056081
2025-12-18 09:48:09,205 - INFO - 搜索到的公告标题: ['航材股份首次公开发行股票并在科创板上市<em>招股说明书</em>', '航材股份首次公开发行股票并在科创板上市<em>招股说明书</em>提示性公告']
2025-12-18 09:48:22,759 - INFO - 下载成功: e:\Privy\A-Share-IPO-Prospectuses\data\pdfs\688563_航材股份.pdf
2025-12-18 09:48:22,759 - INFO - [120/1905] 正在处理 301505 苏州规划...
2025-12-18 09:48:24,644 - INFO - 获取到 orgId: 301505 -> 9900035567
2025-12-18 09:48:27,800 - INFO - 搜索到的公告标题: ['首次公开发行股票并在创业板上市<em>招股说明书</em>']
2025-12-18 09:48:35,912 - INFO - 下载成功: e:\Privy\A-Share-IPO-Prospectuses\data\pdfs\301505_苏州规划.pdf
2025-12-18 09:48:35,912 - INFO - [121/1905] 正在处理 688627 精智达...
2025-12-18 09:48:36,876 - INFO - 获取到 orgId: 688627 -> gfbj0836990
2025-12-18 09:48:38,538 - INFO - 搜索到的公告标题: ['精智达首次公开发行股票并在科创板上市<em>招股说明书</em>提示性公告', '精智达首次公开发行股票并在科创板上市<em>招股说明书</em>']
2025-12-18 09:48:45,110 - INFO - 下载成功: e:\Privy\A-Share-IPO-Prospectuses\data\pdfs\688627_精智达.pdf
2025-12-18 09:48:45,111 - INFO - [122/1905] 正在处理 920751 惠同新材...
2025-12-18 09:48:46,882 - INFO - 获取到 orgId: 920751 -> gfbj0833751
2025-12-18 09:48:50,226 - WARNING - 未找到招股书: 920751
2025-12-18 09:48:50,227 - INFO - [123/1905] 正在处理 301503 智迪科技...
2025-12-18 09:48:51,294 - INFO - 获取到 orgId: 301503 -> 9900032801
2025-12-18 09:48:53,522 - INFO - 搜索到的公告标题: ['首次公开发行股票并在创业板上市<em>招股说明书</em>']
2025-12-18 09:49:00,967 - INFO - 下载成功: e:\Privy\A-Share-IPO-Prospectuses\data\pdfs\301503_智迪科技.pdf
2025-12-18 09:49:00,968 - INFO - [124/1905] 正在处理 301329 信音电子...
2025-12-18 09:49:02,867 - INFO - 获取到 orgId: 301329 -> 9900023216
2025-12-18 09:49:04,619 - INFO - 搜索到的公告标题: ['首次公开发行股票并在创业板上市<em>招股说明书</em>']
2025-12-18 09:49:10,408 - INFO - 下载成功: e:\Privy\A-Share-IPO-Prospectuses\data\pdfs\301329_信音电子.pdf
2025-12-18 09:49:10,409 - INFO - [125/1905] 正在处理 301456 盘古智能...
2025-12-18 09:49:11,633 - INFO - 获取到 orgId: 301456 -> 9900047323
2025-12-18 09:49:14,694 - INFO - 搜索到的公告标题: ['首次公开发行股票并在创业板上市<em>招股说明书</em>']
2025-12-18 09:49:20,674 - INFO - 下载成功: e:\Privy\A-Share-IPO-Prospectuses\data\pdfs\301456_盘古智能.pdf
2025-12-18 09:49:20,674 - INFO - [126/1905] 正在处理 301272 英华特...
2025-12-18 09:49:22,496 - INFO - 获取到 orgId: 301272 -> 9900047655
2025-12-18 09:49:25,528 - INFO - 搜索到的公告标题: ['首次公开发行股票并在创业板上市<em>招股说明书</em>']
2025-12-18 09:49:31,540 - INFO - 下载成功: e:\Privy\A-Share-IPO-Prospectuses\data\pdfs\301272_英华特.pdf
2025-12-18 09:49:31,540 - INFO - [127/1905] 正在处理 920576 天力复合...
2025-12-18 09:49:33,764 - INFO - 获取到 orgId: 920576 -> gfbj0873576
2025-12-18 09:49:35,155 - WARNING - 未找到招股书: 920576
2025-12-18 09:49:35,155 - INFO - [128/1905] 正在处理 688638 誉辰智能...
2025-12-18 09:49:37,057 - INFO - 获取到 orgId: 688638 -> 9900038835
2025-12-18 09:49:40,088 - INFO - 搜索到的公告标题: ['誉辰智能首次公开发行股票并在科创板上市<em>招股说明书</em>提示性公告', '誉辰智能首次公开发行股票并在科创板上市<em>招股说明书</em>']
2025-12-18 09:49:49,622 - INFO - 下载成功: e:\Privy\A-Share-IPO-Prospectuses\data\pdfs\688638_誉辰智能.pdf
2025-12-18 09:49:49,622 - INFO - [129/1905] 正在处理 301393 昊帆生物...
2025-12-18 09:49:50,599 - INFO - 获取到 orgId: 301393 -> gfbj0837632
2025-12-18 09:49:52,769 - INFO - 搜索到的公告标题: ['首次公开发行股票并在创业板上市<em>招股说明书</em>']
2025-12-18 09:50:01,502 - INFO - 下载成功: e:\Privy\A-Share-IPO-Prospectuses\data\pdfs\301393_昊帆生物.pdf
2025-12-18 09:50:01,502 - INFO - [130/1905] 正在处理 301381 赛维时代...
2025-12-18 09:50:03,183 - INFO - 获取到 orgId: 301381 -> gfbj0839586
2025-12-18 09:50:06,348 - INFO - 搜索到的公告标题: ['首次公开发行股票并在创业板上市<em>招股说明书</em>']
2025-12-18 09:50:15,387 - INFO - 下载成功: e:\Privy\A-Share-IPO-Prospectuses\data\pdfs\301381_赛维时代.pdf
2025-12-18 09:50:15,387 - INFO - [131/1905] 正在处理 301370 国科恒泰...
2025-12-18 09:50:17,073 - INFO - 获取到 orgId: 301370 -> 9900035522
2025-12-18 09:50:20,310 - INFO - 搜索到的公告标题: ['首次公开发行股票并在创业板上市<em>招股说明书</em>']
2025-12-18 09:50:27,721 - INFO - 下载成功: e:\Privy\A-Share-IPO-Prospectuses\data\pdfs\301370_国科恒泰.pdf
2025-12-18 09:50:27,722 - INFO - [132/1905] 正在处理 920592 华信永道...
2025-12-18 09:50:29,173 - INFO - 获取到 orgId: 920592 -> gfbj0837592
2025-12-18 09:50:32,255 - WARNING - 未找到招股书: 920592
2025-12-18 09:50:32,255 - INFO - [133/1905] 正在处理 688603 天承科技...
2025-12-18 09:50:33,156 - INFO - 获取到 orgId: 688603 -> 9900048047
2025-12-18 09:50:36,509 - INFO - 搜索到的公告标题: ['天承科技首次公开发行股票并在科创板上市<em>招股说明书</em>提示性公告', '天承科技首次公开发行股票并在科创板上市<em>招股说明书</em>']
2025-12-18 09:50:44,572 - INFO - 下载成功: e:\Privy\A-Share-IPO-Prospectuses\data\pdfs\688603_天承科技.pdf
2025-12-18 09:50:44,573 - INFO - [134/1905] 正在处理 301261 恒工精密...
2025-12-18 09:50:46,226 - INFO - 获取到 orgId: 301261 -> 9900050361
2025-12-18 09:50:48,034 - INFO - 搜索到的公告标题: ['首次公开发行股票并在创业板上市<em>招股说明书</em>']
2025-12-18 09:50:54,016 - INFO - 下载成功: e:\Privy\A-Share-IPO-Prospectuses\data\pdfs\301261_恒工精密.pdf
2025-12-18 09:50:54,017 - INFO - [135/1905] 正在处理 301486 致尚科技...
2025-12-18 09:50:55,345 - INFO - 获取到 orgId: 301486 -> gqtg0660771
2025-12-18 09:50:58,150 - INFO - 搜索到的公告标题: ['首次公开发行股票并在创业板上市<em>招股说明书</em>']
2025-12-18 09:51:05,172 - INFO - 下载成功: e:\Privy\A-Share-IPO-Prospectuses\data\pdfs\301486_致尚科技.pdf
2025-12-18 09:51:05,172 - INFO - [136/1905] 正在处理 301292 海科新源...
2025-12-18 09:51:07,007 - INFO - 获取到 orgId: 301292 -> 9900046662
2025-12-18 09:51:08,763 - INFO - 搜索到的公告标题: ['首次公开发行股票并在创业板上市<em>招股说明书</em>']
2025-12-18 09:51:13,349 - INFO - 下载成功: e:\Privy\A-Share-IPO-Prospectuses\data\pdfs\301292_海科新源.pdf
2025-12-18 09:51:13,349 - INFO - [137/1905] 正在处理 301202 朗威股份...
2025-12-18 09:51:14,517 - INFO - 获取到 orgId: 301202 -> gfbj0835569
2025-12-18 09:51:16,880 - INFO - 搜索到的公告标题: ['首次公开发行股票并在创业板上市<em>招股说明书</em>']
2025-12-18 09:51:23,298 - INFO - 下载成功: e:\Privy\A-Share-IPO-Prospectuses\data\pdfs\301202_朗威股份.pdf
2025-12-18 09:51:23,298 - INFO - [138/1905] 正在处理 301488 豪恩汽电...
2025-12-18 09:51:25,084 - INFO - 获取到 orgId: 301488 -> 9900041807
2025-12-18 09:51:27,759 - INFO - 搜索到的公告标题: ['首次公开发行股票并在创业板上市<em>招股说明书</em>']
2025-12-18 09:51:43,612 - INFO - 下载成功: e:\Privy\A-Share-IPO-Prospectuses\data\pdfs\301488_豪恩汽电.pdf
2025-12-18 09:51:43,613 - INFO - [139/1905] 正在处理 920717 瑞星股份...
2025-12-18 09:51:45,121 - INFO - 获取到 orgId: 920717 -> gfbj0836717
2025-12-18 09:51:47,305 - WARNING - 未找到招股书: 920717
2025-12-18 09:51:47,305 - INFO - [140/1905] 正在处理 301395 仁信新材...
2025-12-18 09:51:49,635 - INFO - 获取到 orgId: 301395 -> 9900039761
2025-12-18 09:51:52,727 - INFO - 搜索到的公告标题: ['首次公开发行股票并在创业板上市<em>招股说明书</em>']
2025-12-18 09:52:01,446 - INFO - 下载成功: e:\Privy\A-Share-IPO-Prospectuses\data\pdfs\301395_仁信新材.pdf
2025-12-18 09:52:01,447 - INFO - [141/1905] 正在处理 920175 东方碳素...
2025-12-18 09:52:03,260 - INFO - 获取到 orgId: 920175 -> gfbj0832175
2025-12-18 09:52:06,178 - WARNING - 未找到招股书: 920175
2025-12-18 09:52:06,178 - INFO - [142/1905] 正在处理 688582 芯动联科...
2025-12-18 09:52:07,166 - INFO - 获取到 orgId: 688582 -> 9900047780
2025-12-18 09:52:10,422 - INFO - 搜索到的公告标题: ['芯动联科首次公开发行股票并在科创板上市<em>招股说明书</em>', '芯动联科首次公开发行股票并在科创板上市<em>招股说明书</em>提示性公告']
2025-12-18 09:52:17,683 - INFO - 下载成功: e:\Privy\A-Share-IPO-Prospectuses\data\pdfs\688582_芯动联科.pdf
2025-12-18 09:52:17,683 - INFO - [143/1905] 正在处理 301291 明阳电气...
2025-12-18 09:52:19,208 - INFO - 获取到 orgId: 301291 -> 9900046621
2025-12-18 09:52:21,882 - INFO - 搜索到的公告标题: ['首次公开发行股票并在创业板上市<em>招股说明书</em>']
2025-12-18 09:52:28,704 - INFO - 下载成功: e:\Privy\A-Share-IPO-Prospectuses\data\pdfs\301291_明阳电气.pdf
2025-12-18 09:52:28,705 - INFO - [144/1905] 正在处理 301210 金杨精密...
2025-12-18 09:52:30,293 - INFO - 获取到 orgId: 301210 -> 9900047329
2025-12-18 09:52:32,204 - INFO - 搜索到的公告标题: ['首次公开发行股票并在创业板上市<em>招股说明书</em>']
2025-12-18 09:52:56,725 - INFO - 下载成功: e:\Privy\A-Share-IPO-Prospectuses\data\pdfs\301210_金杨精密.pdf
2025-12-18 09:52:56,725 - INFO - [145/1905] 正在处理 920208 青矩技术...
2025-12-18 09:52:58,696 - INFO - 获取到 orgId: 920208 -> gfbj0836208
2025-12-18 09:53:00,363 - WARNING - 未找到招股书: 920208
2025-12-18 09:53:00,363 - INFO - [146/1905] 正在处理 688429 时创能源...
2025-12-18 09:53:01,919 - INFO - 获取到 orgId: 688429 -> 9900056080
2025-12-18 09:53:05,319 - INFO - 搜索到的公告标题: ['常州时创能源股份有限公司科创板首次公开发行股票<em>招股说明书</em>', '常州时创能源股份有限公司首次公开发行股票并在科创板上市<em>招股说明书</em>提示性公告']
2025-12-18 09:53:11,032 - INFO - 下载成功: e:\Privy\A-Share-IPO-Prospectuses\data\pdfs\688429_时创能源.pdf
2025-12-18 09:53:11,032 - INFO - [147/1905] 正在处理 688631 莱斯信息...
2025-12-18 09:53:12,384 - INFO - 获取到 orgId: 688631 -> 9900023202
2025-12-18 09:53:14,068 - INFO - 搜索到的公告标题: ['莱斯信息首次公开发行股票并在科创板上市<em>招股说明书</em>提示性公告', '莱斯信息首次公开发行股票并在科创板上市<em>招股说明书</em>']
2025-12-18 09:53:20,816 - INFO - 下载成功: e:\Privy\A-Share-IPO-Prospectuses\data\pdfs\688631_莱斯信息.pdf
2025-12-18 09:53:20,817 - INFO - [148/1905] 正在处理 301397 溯联股份...
2025-12-18 09:53:22,126 - INFO - 获取到 orgId: 301397 -> nssc1000380
2025-12-18 09:53:25,332 - INFO - 搜索到的公告标题: ['首次公开发行股票并在创业板上市<em>招股说明书</em>']
2025-12-18 09:53:35,223 - INFO - 下载成功: e:\Privy\A-Share-IPO-Prospectuses\data\pdfs\301397_溯联股份.pdf
2025-12-18 09:53:35,224 - INFO - [149/1905] 正在处理 301295 美硕科技...
2025-12-18 09:53:37,040 - INFO - 获取到 orgId: 301295 -> gfbj0839715
2025-12-18 09:53:40,159 - INFO - 搜索到的公告标题: ['首次公开发行股票并在创业板上市<em>招股说明书</em>']
2025-12-18 09:53:46,344 - INFO - 下载成功: e:\Privy\A-Share-IPO-Prospectuses\data\pdfs\301295_美硕科技.pdf
2025-12-18 09:53:46,345 - INFO - [150/1905] 正在处理 920651 天罡股份...
2025-12-18 09:53:47,454 - INFO - 获取到 orgId: 920651 -> gfbj0832651
2025-12-18 09:53:50,272 - WARNING - 未找到招股书: 920651
2025-12-18 09:53:50,272 - INFO - [151/1905] 正在处理 688629 华丰科技...
2025-12-18 09:53:51,070 - INFO - 获取到 orgId: 688629 -> 9900048587
2025-12-18 09:53:52,850 - INFO - 搜索到的公告标题: ['华丰科技首次公开发行股票并在科创板上市<em>招股说明书</em>提示性公告', '华丰科技首次公开发行股票并在科创板上市<em>招股说明书</em>']
2025-12-18 09:53:58,968 - INFO - 下载成功: e:\Privy\A-Share-IPO-Prospectuses\data\pdfs\688629_华丰科技.pdf
2025-12-18 09:53:58,969 - INFO - [152/1905] 正在处理 688620 安凯微...
2025-12-18 09:54:00,410 - INFO - 获取到 orgId: 688620 -> 9900047635
2025-12-18 09:54:01,858 - INFO - 搜索到的公告标题: ['安凯微首次公开发行股票并在科创板上市<em>招股说明书</em>', '安凯微首次公开发行股票并在科创板上市<em>招股说明书</em>提示性公告']
2025-12-18 09:54:10,159 - INFO - 下载成功: e:\Privy\A-Share-IPO-Prospectuses\data\pdfs\688620_安凯微.pdf
2025-12-18 09:54:10,159 - INFO - [153/1905] 正在处理 301170 锡南科技...
2025-12-18 09:54:11,293 - INFO - 获取到 orgId: 301170 -> 9900048055
2025-12-18 09:54:13,950 - INFO - 搜索到的公告标题: ['首次公开发行股票并在创业板上市<em>招股说明书</em>']
2025-12-18 09:54:20,459 - INFO - 下载成功: e:\Privy\A-Share-IPO-Prospectuses\data\pdfs\301170_锡南科技.pdf
2025-12-18 09:54:20,459 - INFO - [154/1905] 正在处理 300804 广康生化...
2025-12-18 09:54:21,964 - INFO - 获取到 orgId: 300804 -> 9900041419
2025-12-18 09:54:24,798 - INFO - 搜索到的公告标题: ['首次公开发行股票并在创业板上市<em>招股说明书</em>']
2025-12-18 09:54:32,458 - INFO - 下载成功: e:\Privy\A-Share-IPO-Prospectuses\data\pdfs\300804_广康生化.pdf
2025-12-18 09:54:32,458 - INFO - [155/1905] 正在处理 920455 汇隆活塞...
2025-12-18 09:54:34,016 - INFO - 获取到 orgId: 920455 -> gfbj0833455
2025-12-18 09:54:36,658 - WARNING - 未找到招股书: 920455
2025-12-18 09:54:36,658 - INFO - [156/1905] 正在处理 688543 国科军工...
2025-12-18 09:54:37,802 - INFO - 获取到 orgId: 688543 -> 9900035514
2025-12-18 09:54:41,218 - INFO - 搜索到的公告标题: ['国科军工首次公开发行股票并在科创板上市<em>招股说明书</em>', '国科军工首次公开发行股票并在科创板上市<em>招股说明书</em>提示性公告']
2025-12-18 09:54:46,705 - INFO - 下载成功: e:\Privy\A-Share-IPO-Prospectuses\data\pdfs\688543_国科军工.pdf
2025-12-18 09:54:46,706 - INFO - [157/1905] 正在处理 301376 致欧科技...
2025-12-18 09:54:48,223 - INFO - 获取到 orgId: 301376 -> 9900047632
2025-12-18 09:54:50,245 - INFO - 搜索到的公告标题: ['首次公开发行股票并在创业板上市<em>招股说明书</em>']
2025-12-18 09:54:58,998 - INFO - 下载成功: e:\Privy\A-Share-IPO-Prospectuses\data\pdfs\301376_致欧科技.pdf
2025-12-18 09:54:58,998 - INFO - [158/1905] 正在处理 301315 威士顿...
2025-12-18 09:55:00,434 - INFO - 获取到 orgId: 301315 -> 9900031770
2025-12-18 09:55:03,192 - INFO - 搜索到的公告标题: ['首次公开发行股票并在创业板上市<em>招股说明书</em>']
2025-12-18 09:55:20,925 - INFO - 下载成功: e:\Privy\A-Share-IPO-Prospectuses\data\pdfs\301315_威士顿.pdf
2025-12-18 09:55:20,925 - INFO - [159/1905] 正在处理 688443 智翔金泰-U...
2025-12-18 09:55:22,395 - INFO - 获取到 orgId: 688443 -> 9900056031
2025-12-18 09:55:24,417 - INFO - 搜索到的公告标题: ['智翔金泰首次公开发行股票并在科创板上市<em>招股说明书</em>', '智翔金泰首次公开发行股票并在科创板上市<em>招股说明书</em>提示性公告']
2025-12-18 09:55:30,098 - INFO - 下载成功: e:\Privy\A-Share-IPO-Prospectuses\data\pdfs\688443_智翔金泰-U.pdf
2025-12-18 09:55:30,099 - INFO - [160/1905] 正在处理 301262 海看股份...
2025-12-18 09:55:31,527 - INFO - 获取到 orgId: 301262 -> nssc1000214
2025-12-18 09:55:34,058 - INFO - 搜索到的公告标题: ['首次公开发行股票并在创业板上市<em>招股说明书</em>']
2025-12-18 09:55:43,712 - INFO - 下载成功: e:\Privy\A-Share-IPO-Prospectuses\data\pdfs\301262_海看股份.pdf
2025-12-18 09:55:43,712 - INFO - [161/1905] 正在处理 688334 西高院...
2025-12-18 09:55:45,215 - INFO - 获取到 orgId: 688334 -> 9900056273
2025-12-18 09:55:47,681 - INFO - 搜索到的公告标题: ['西高院首次公开发行股票并在科创板上市<em>招股说明书</em>', '西高院首次公开发行股票并在科创板上市<em>招股说明书</em>提示性公告']
2025-12-18 09:55:58,980 - INFO - 下载成功: e:\Privy\A-Share-IPO-Prospectuses\data\pdfs\688334_西高院.pdf
2025-12-18 09:55:58,980 - INFO - [162/1905] 正在处理 301448 开创电气...
2025-12-18 09:56:00,171 - INFO - 获取到 orgId: 301448 -> 9900046496
2025-12-18 09:56:03,049 - INFO - 搜索到的公告标题: ['首次公开发行股票并在创业板上市<em>招股说明书</em>']
2025-12-18 09:56:06,274 - INFO - 下载成功: e:\Privy\A-Share-IPO-Prospectuses\data\pdfs\301448_开创电气.pdf
2025-12-18 09:56:06,274 - INFO - [163/1905] 正在处理 301225 恒勃股份...
2025-12-18 09:56:07,668 - INFO - 获取到 orgId: 301225 -> gfbj0834165
2025-12-18 09:56:10,489 - INFO - 搜索到的公告标题: ['首次公开发行股票并在创业板上市<em>招股说明书</em>']
2025-12-18 09:56:16,109 - INFO - 下载成功: e:\Privy\A-Share-IPO-Prospectuses\data\pdfs\301225_恒勃股份.pdf
2025-12-18 09:56:16,109 - INFO - [164/1905] 正在处理 301232 飞沃科技...
2025-12-18 09:56:17,698 - INFO - 获取到 orgId: 301232 -> gfbj0839826
2025-12-18 09:56:20,905 - INFO - 搜索到的公告标题: ['首次公开发行股票并在创业板上市<em>招股说明书</em>']
2025-12-18 09:56:27,249 - INFO - 下载成功: e:\Privy\A-Share-IPO-Prospectuses\data\pdfs\301232_飞沃科技.pdf
2025-12-18 09:56:27,249 - INFO - [165/1905] 正在处理 301287 康力源...
2025-12-18 09:56:28,568 - INFO - 获取到 orgId: 301287 -> 9900048100
2025-12-18 09:56:30,575 - INFO - 搜索到的公告标题: ['首次公开发行股票并在创业板上市<em>招股说明书</em>']
2025-12-18 09:56:35,119 - INFO - 下载成功: e:\Privy\A-Share-IPO-Prospectuses\data\pdfs\301287_康力源.pdf
2025-12-18 09:56:35,119 - INFO - [166/1905] 正在处理 301355 南王科技...
2025-12-18 09:56:36,026 - INFO - 获取到 orgId: 301355 -> gfbj0839276
2025-12-18 09:56:37,676 - INFO - 搜索到的公告标题: ['首次公开发行股票并在创业板上市<em>招股说明书</em>']
2025-12-18 09:56:44,011 - INFO - 下载成功: e:\Privy\A-Share-IPO-Prospectuses\data\pdfs\301355_南王科技.pdf
2025-12-18 09:56:44,011 - INFO - [167/1905] 正在处理 688472 阿特斯...
2025-12-18 09:56:45,133 - INFO - 获取到 orgId: 688472 -> 9900032673
2025-12-18 09:56:47,924 - INFO - 搜索到的公告标题: ['阿特斯首次公开发行股票并在科创板上市<em>招股说明书</em>', '阿特斯首次公开发行股票并在科创板上市<em>招股说明书</em>提示性公告']
2025-12-18 09:56:54,685 - INFO - 下载成功: e:\Privy\A-Share-IPO-Prospectuses\data\pdfs\688472_阿特斯.pdf
2025-12-18 09:56:54,685 - INFO - [168/1905] 正在处理 301383 天键股份...
2025-12-18 09:56:55,818 - INFO - 获取到 orgId: 301383 -> nssc1000724
2025-12-18 09:56:57,186 - INFO - 搜索到的公告标题: ['首次公开发行股票并在创业板上市<em>招股说明书</em>']
2025-12-18 09:57:01,043 - INFO - 下载成功: e:\Privy\A-Share-IPO-Prospectuses\data\pdfs\301383_天键股份.pdf
2025-12-18 09:57:01,043 - INFO - [169/1905] 正在处理 301320 豪江智能...
2025-12-18 09:57:02,548 - INFO - 获取到 orgId: 301320 -> 9900046843
2025-12-18 09:57:04,100 - INFO - 搜索到的公告标题: ['首次公开发行股票并在创业板上市<em>招股说明书</em>']
2025-12-18 09:57:10,639 - INFO - 下载成功: e:\Privy\A-Share-IPO-Prospectuses\data\pdfs\301320_豪江智能.pdf
2025-12-18 09:57:10,639 - INFO - [170/1905] 正在处理 920221 易实精密...
2025-12-18 09:57:11,972 - INFO - 获取到 orgId: 920221 -> gfbj0836221
2025-12-18 09:57:14,665 - WARNING - 未找到招股书: 920221
2025-12-18 09:57:14,665 - INFO - [171/1905] 正在处理 688623 双元科技...
2025-12-18 09:57:15,781 - INFO - 获取到 orgId: 688623 -> 9900048999
2025-12-18 09:57:17,490 - INFO - 搜索到的公告标题: ['双元科技首次公开发行股票并在科创板上市<em>招股说明书</em>', '双元科技首次公开发行股票并在科创板上市<em>招股说明书</em>提示性公告']
2025-12-18 09:57:24,171 - INFO - === 开始解析阶段 ===
2025-12-18 09:57:24,171 - INFO - 发现 1 个 PDF 文件待处理
2025-12-18 09:57:24,225 - INFO - 正在解析: 001239_永达股份.pdf
2025-12-18 09:57:30,710 - INFO - 下载成功: e:\Privy\A-Share-IPO-Prospectuses\data\pdfs\688623_双元科技.pdf
2025-12-18 09:57:30,710 - INFO - [172/1905] 正在处理 688576 西山科技...
2025-12-18 09:57:31,783 - INFO - 获取到 orgId: 688576 -> gfbj0834788
2025-12-18 09:57:34,070 - INFO - 搜索到的公告标题: ['西山科技首次公开发行股票并在科创板上市<em>招股说明书</em>提示性公告', '西山科技首次公开发行股票并在科创板上市<em>招股说明书</em>']
2025-12-18 09:57:39,480 - INFO - 下载成功: e:\Privy\A-Share-IPO-Prospectuses\data\pdfs\688576_西山科技.pdf
2025-12-18 09:57:39,480 - INFO - [173/1905] 正在处理 301323 新莱福...
2025-12-18 09:57:41,541 - INFO - 获取到 orgId: 301323 -> 9900048181
2025-12-18 09:57:43,028 - INFO - 搜索到的公告标题: ['首次公开发行股票并在创业板上市<em>招股说明书</em>']
2025-12-18 09:57:46,949 - INFO - 定位到目标页面: [293, 205, 206]
2025-12-18 09:57:46,949 - INFO - 扩展后的扫描页面: [205, 206, 207, 208, 209, 293, 294, 295, 296]
2025-12-18 09:57:47,464 - INFO - 结果已保存至 e:\Privy\A-Share-IPO-Prospectuses\data\output\dividends_summary.xlsx
2025-12-18 09:57:48,208 - INFO - 下载成功: e:\Privy\A-Share-IPO-Prospectuses\data\pdfs\301323_新莱福.pdf
2025-12-18 09:57:48,208 - INFO - [174/1905] 正在处理 688570 天玛智控...
2025-12-18 09:57:49,385 - INFO - 获取到 orgId: 688570 -> 9900056072
2025-12-18 09:57:51,659 - INFO - 搜索到的公告标题: ['天玛智控首次公开发行股票并在科创板上市<em>招股说明书</em>', '天玛智控首次公开发行股票并在科创板上市<em>招股说明书</em>提示性公告']
2025-12-18 09:57:58,129 - INFO - 下载成功: e:\Privy\A-Share-IPO-Prospectuses\data\pdfs\688570_天玛智控.pdf
2025-12-18 09:57:58,129 - INFO - [175/1905] 正在处理 688523 航天环宇...
2025-12-18 09:57:59,857 - INFO - 获取到 orgId: 688523 -> nssc1000474
2025-12-18 09:58:02,710 - INFO - 搜索到的公告标题: ['航天环宇首次公开发行股票并在科创板上市<em>招股说明书</em>提示性公告', '航天环宇首次公开发行股票并在科创板上市<em>招股说明书</em>']
2025-12-18 09:58:11,154 - INFO - 下载成功: e:\Privy\A-Share-IPO-Prospectuses\data\pdfs\688523_航天环宇.pdf
2025-12-18 09:58:11,155 - INFO - [176/1905] 正在处理 301310 鑫宏业...
2025-12-18 09:58:13,009 - INFO - 获取到 orgId: 301310 -> 9900051411
2025-12-18 09:58:14,493 - INFO - 搜索到的公告标题: ['首次公开发行股票并在创业板上市<em>招股说明书</em>']
2025-12-18 09:58:19,471 - INFO - 下载成功: e:\Privy\A-Share-IPO-Prospectuses\data\pdfs\301310_鑫宏业.pdf
2025-12-18 09:58:19,472 - INFO - [177/1905] 正在处理 920779 武汉蓝电...
2025-12-18 09:58:20,599 - INFO - 获取到 orgId: 920779 -> gfbj0830779
2025-12-18 09:58:22,759 - WARNING - 未找到招股书: 920779
2025-12-18 09:58:22,760 - INFO - [178/1905] 正在处理 688593 新相微...
2025-12-18 09:58:23,944 - INFO - 获取到 orgId: 688593 -> 9900053760
2025-12-18 09:58:25,478 - INFO - 搜索到的公告标题: ['新相微首次公开发行股票并在科创板上市<em>招股说明书</em>', '新相微首次公开发行股票并在科创板上市<em>招股说明书</em>提示性公告']
2025-12-18 09:58:30,845 - INFO - 下载成功: e:\Privy\A-Share-IPO-Prospectuses\data\pdfs\688593_新相微.pdf
2025-12-18 09:58:30,845 - INFO - [179/1905] 正在处理 001373 翔腾新材...
2025-12-18 09:58:32,104 - INFO - 获取到 orgId: 001373 -> 9900051389
2025-12-18 09:58:35,113 - INFO - 搜索到的公告标题: ['首次公开发行股票并在主板上市<em>招股说明书</em>']
2025-12-18 09:58:40,767 - INFO - 下载成功: e:\Privy\A-Share-IPO-Prospectuses\data\pdfs\001373_翔腾新材.pdf
2025-12-18 09:58:40,768 - INFO - [180/1905] 正在处理 920017 星昊医药...
2025-12-18 09:58:42,198 - INFO - 获取到 orgId: 920017 -> 9900003482
2025-12-18 09:58:44,608 - WARNING - 未找到招股书: 920017
2025-12-18 09:58:44,608 - INFO - [181/1905] 正在处理 301353 普莱得...
2025-12-18 09:58:46,135 - INFO - 获取到 orgId: 301353 -> 9900052546
2025-12-18 09:58:47,443 - INFO - 搜索到的公告标题: ['首次公开发行股票并在创业板上市<em>招股说明书</em>']
2025-12-18 09:58:50,817 - INFO - 下载成功: e:\Privy\A-Share-IPO-Prospectuses\data\pdfs\301353_普莱得.pdf
2025-12-18 09:58:50,817 - INFO - [182/1905] 正在处理 920719 宁新新材...
2025-12-18 09:58:51,957 - INFO - 获取到 orgId: 920719 -> gfbj0839719
2025-12-18 09:58:54,283 - WARNING - 未找到招股书: 920719
2025-12-18 09:58:54,283 - INFO - [183/1905] 正在处理 301337 亚华电子...
2025-12-18 09:58:55,938 - INFO - 获取到 orgId: 301337 -> gfbj0838234
2025-12-18 09:58:57,304 - INFO - 搜索到的公告标题: ['首次公开发行股票并在创业板上市<em>招股说明书</em>']
2025-12-18 09:59:01,204 - INFO - 下载成功: e:\Privy\A-Share-IPO-Prospectuses\data\pdfs\301337_亚华电子.pdf
2025-12-18 09:59:01,204 - INFO - [184/1905] 正在处理 920471 美邦科技...
2025-12-18 09:59:03,418 - INFO - 获取到 orgId: 920471 -> gfbj0832471
2025-12-18 09:59:04,940 - WARNING - 未找到招股书: 920471
2025-12-18 09:59:04,940 - INFO - [185/1905] 正在处理 301252 同星科技...
2025-12-18 09:59:05,926 - INFO - 获取到 orgId: 301252 -> 9900046499
2025-12-18 09:59:07,530 - INFO - 搜索到的公告标题: ['首次公开发行股票并在创业板上市<em>招股说明书</em>']
2025-12-18 09:59:28,615 - INFO - 下载成功: e:\Privy\A-Share-IPO-Prospectuses\data\pdfs\301252_同星科技.pdf
2025-12-18 09:59:28,615 - INFO - [186/1905] 正在处理 688562 航天软件...
2025-12-18 09:59:29,818 - INFO - 获取到 orgId: 688562 -> 9900055792
2025-12-18 09:59:32,277 - INFO - 搜索到的公告标题: ['航天软件首次公开发行股票并在科创板上市<em>招股说明书</em>', '航天软件首次公开发行股票并在科创板上市<em>招股说明书</em>提示性公告']
2025-12-18 09:59:49,970 - INFO - 下载成功: e:\Privy\A-Share-IPO-Prospectuses\data\pdfs\688562_航天软件.pdf
2025-12-18 09:59:49,970 - INFO - [187/1905] 正在处理 001282 三联锻造...
2025-12-18 09:59:51,201 - INFO - 获取到 orgId: 001282 -> 9900048170
2025-12-18 09:59:53,944 - INFO - 搜索到的公告标题: ['首次公开发行股票并在主板上市<em>招股说明书</em>']
2025-12-18 09:59:59,978 - INFO - 下载成功: e:\Privy\A-Share-IPO-Prospectuses\data\pdfs\001282_三联锻造.pdf
2025-12-18 09:59:59,978 - INFO - [188/1905] 正在处理 301399 英特科技...
2025-12-18 10:00:02,618 - INFO - 获取到 orgId: 301399 -> 9900052195
2025-12-18 10:00:05,901 - INFO - 搜索到的公告标题: ['首次公开发行股票并在创业板上市<em>招股说明书</em>']
2025-12-18 10:00:11,591 - INFO - 下载成功: e:\Privy\A-Share-IPO-Prospectuses\data\pdfs\301399_英特科技.pdf
2025-12-18 10:00:11,591 - INFO - [189/1905] 正在处理 301305 朗坤科技...
2025-12-18 10:00:12,847 - INFO - 获取到 orgId: 301305 -> gfbj0838520
2025-12-18 10:00:14,610 - INFO - 搜索到的公告标题: ['首次公开发行股票并在创业板上市<em>招股说明书</em>']
2025-12-18 10:00:20,254 - INFO - 下载成功: e:\Privy\A-Share-IPO-Prospectuses\data\pdfs\301305_朗坤科技.pdf
2025-12-18 10:00:20,254 - INFO - [190/1905] 正在处理 688458 美芯晟...
2025-12-18 10:00:21,393 - INFO - 获取到 orgId: 688458 -> 9900055791
2025-12-18 10:00:23,916 - INFO - 搜索到的公告标题: ['美芯晟首次公开发行股票并在科创板上市<em>招股说明书</em>提示性公告', '美芯晟首次公开发行股票并在科创板上市<em>招股说明书</em>']
2025-12-18 10:00:29,318 - INFO - 下载成功: e:\Privy\A-Share-IPO-Prospectuses\data\pdfs\688458_美芯晟.pdf
2025-12-18 10:00:29,319 - INFO - [191/1905] 正在处理 001324 长青科技...
2025-12-18 10:00:30,405 - INFO - 获取到 orgId: 001324 -> 9900048581
2025-12-18 10:00:33,089 - INFO - 搜索到的公告标题: ['首次公开发行股票并在主板上市<em>招股说明书</em>']
2025-12-18 10:00:41,681 - INFO - 下载成功: e:\Privy\A-Share-IPO-Prospectuses\data\pdfs\001324_长青科技.pdf
2025-12-18 10:00:41,681 - INFO - [192/1905] 正在处理 688581 安杰思...
2025-12-18 10:00:43,245 - INFO - 获取到 orgId: 688581 -> nssc1000268
2025-12-18 10:00:45,669 - INFO - 搜索到的公告标题: ['安杰思首次公开发行股票并在科创板上市<em>招股说明书</em>提示性公告', '安杰思首次公开发行股票并在科创板上市<em>招股说明书</em>']
2025-12-18 10:00:52,008 - INFO - 下载成功: e:\Privy\A-Share-IPO-Prospectuses\data\pdfs\688581_安杰思.pdf
2025-12-18 10:00:52,008 - INFO - [193/1905] 正在处理 688361 中科飞测...
2025-12-18 10:00:52,820 - INFO - 获取到 orgId: 688361 -> 9900048792
2025-12-18 10:00:55,392 - INFO - 搜索到的公告标题: ['中科飞测首次公开发行股票并在科创板上市<em>招股说明书</em>', '中科飞测首次公开发行股票并在科创板上市<em>招股说明书</em>提示性公告']
2025-12-18 10:01:01,239 - INFO - 下载成功: e:\Privy\A-Share-IPO-Prospectuses\data\pdfs\688361_中科飞测.pdf
2025-12-18 10:01:01,240 - INFO - [194/1905] 正在处理 301428 世纪恒通...
2025-12-18 10:01:02,647 - INFO - 获取到 orgId: 301428 -> 9900033059
2025-12-18 10:01:05,574 - INFO - 搜索到的公告标题: ['首次公开发行股票并在创业板上市<em>招股说明书</em>']
2025-12-18 10:01:13,256 - INFO - 下载成功: e:\Privy\A-Share-IPO-Prospectuses\data\pdfs\301428_世纪恒通.pdf
2025-12-18 10:01:13,256 - INFO - [195/1905] 正在处理 920006 晟楠科技...
2025-12-18 10:01:14,704 - INFO - 获取到 orgId: 920006 -> gfbj0837006
2025-12-18 10:01:16,894 - WARNING - 未找到招股书: 920006
2025-12-18 10:01:16,894 - INFO - [196/1905] 正在处理 688552 航天南湖...
2025-12-18 10:01:17,721 - INFO - 获取到 orgId: 688552 -> nssc1000225
2025-12-18 10:01:19,077 - INFO - 搜索到的公告标题: ['航天南湖首次公开发行股票并在科创板上市<em>招股说明书</em>', '航天南湖首次公开发行股票并在科创板上市<em>招股说明书</em>提示性公告']
2025-12-18 10:01:23,943 - INFO - 下载成功: e:\Privy\A-Share-IPO-Prospectuses\data\pdfs\688552_航天南湖.pdf
2025-12-18 10:01:23,943 - INFO - [197/1905] 正在处理 301332 德尔玛...
2025-12-18 10:01:25,222 - INFO - 获取到 orgId: 301332 -> 9900047227
2025-12-18 10:01:26,577 - INFO - 搜索到的公告标题: ['首次公开发行股票并在创业板上市<em>招股说明书</em>']
2025-12-18 10:01:34,870 - INFO - 下载成功: e:\Privy\A-Share-IPO-Prospectuses\data\pdfs\301332_德尔玛.pdf
2025-12-18 10:01:34,871 - INFO - [198/1905] 正在处理 301382 蜂助手...
2025-12-18 10:01:36,384 - INFO - 获取到 orgId: 301382 -> gfbj0838789
2025-12-18 10:01:39,277 - INFO - 搜索到的公告标题: ['首次公开发行股票并在创业板上市<em>招股说明书</em>']
2025-12-18 10:01:46,655 - INFO - 下载成功: e:\Privy\A-Share-IPO-Prospectuses\data\pdfs\301382_蜂助手.pdf
2025-12-18 10:01:46,656 - INFO - [199/1905] 正在处理 688512 慧智微-U...
2025-12-18 10:01:47,510 - INFO - 获取到 orgId: 688512 -> 9900053938
2025-12-18 10:01:50,617 - INFO - 搜索到的公告标题: ['慧智微首次公开发行股票并在科创板上市<em>招股说明书</em>提示性公告', '慧智微首次公开发行股票并在科创板上市<em>招股说明书</em>']
2025-12-18 10:02:04,826 - INFO - 下载成功: e:\Privy\A-Share-IPO-Prospectuses\data\pdfs\688512_慧智微-U.pdf
2025-12-18 10:02:04,826 - INFO - [200/1905] 正在处理 001380 华纬科技...
2025-12-18 10:02:06,336 - INFO - 获取到 orgId: 001380 -> 9900041935
2025-12-18 10:02:08,699 - INFO - 搜索到的公告标题: ['首次公开发行股票并在主板上市<em>招股说明书</em>']
2025-12-18 10:02:18,935 - INFO - 下载成功: e:\Privy\A-Share-IPO-Prospectuses\data\pdfs\001380_华纬科技.pdf
2025-12-18 10:02:18,935 - INFO - [201/1905] 正在处理 920837 华原股份...
2025-12-18 10:02:21,103 - INFO - 获取到 orgId: 920837 -> gfbj0838837
2025-12-18 10:02:22,617 - WARNING - 未找到招股书: 920837
2025-12-18 10:02:22,617 - INFO - [202/1905] 正在处理 920578 巨能股份...
2025-12-18 10:02:24,114 - INFO - 获取到 orgId: 920578 -> gfbj0871478
2025-12-18 10:02:26,965 - WARNING - 未找到招股书: 920578
2025-12-18 10:02:26,965 - INFO - [203/1905] 正在处理 301325 曼恩斯特...
2025-12-18 10:02:27,973 - INFO - 获取到 orgId: 301325 -> 9900049004
2025-12-18 10:02:30,410 - INFO - 搜索到的公告标题: ['首次公开发行股票并在创业板上市<em>招股说明书</em>']
2025-12-18 10:02:43,292 - INFO - 下载成功: e:\Privy\A-Share-IPO-Prospectuses\data\pdfs\301325_曼恩斯特.pdf
2025-12-18 10:02:43,292 - INFO - [204/1905] 正在处理 688479 友车科技...
2025-12-18 10:02:46,018 - INFO - 获取到 orgId: 688479 -> gfbj0839951
2025-12-18 10:02:49,673 - INFO - 搜索到的公告标题: ['友车科技首次公开发行股票并在科创板上市<em>招股说明书</em>提示性公告', '友车科技首次公开发行股票并在科创板上市<em>招股说明书</em>']
2025-12-18 10:03:07,867 - INFO - 下载成功: e:\Privy\A-Share-IPO-Prospectuses\data\pdfs\688479_友车科技.pdf
2025-12-18 10:03:07,867 - INFO - [205/1905] 正在处理 688469 芯联集成-U...
2025-12-18 10:03:09,546 - INFO - 获取到 orgId: 688469 -> 9900053045
2025-12-18 10:03:11,374 - INFO - 搜索到的公告标题: ['中芯集成首次公开发行股票并在科创板上市<em>招股说明书</em>', '中芯集成首次公开发行股票并在科创板上市<em>招股说明书</em>提示性公告']
2025-12-18 10:03:25,807 - INFO - 下载成功: e:\Privy\A-Share-IPO-Prospectuses\data\pdfs\688469_芯联集成-U.pdf
2025-12-18 10:03:25,807 - INFO - [206/1905] 正在处理 603172 万丰股份...
2025-12-18 10:03:27,192 - INFO - 获取到 orgId: 603172 -> nssc1000266
2025-12-18 10:03:28,440 - INFO - 搜索到的公告标题: ['万丰股份首次公开发行股票并在主板上市<em>招股说明书</em>提示性公告', '万丰股份首次公开发行股票并在主板上市<em>招股说明书</em>']
2025-12-18 10:03:34,917 - INFO - 下载成功: e:\Privy\A-Share-IPO-Prospectuses\data\pdfs\603172_万丰股份.pdf
2025-12-18 10:03:34,918 - INFO - [207/1905] 正在处理 920699 海达尔...
2025-12-18 10:03:37,102 - INFO - 获取到 orgId: 920699 -> gfbj0836699
2025-12-18 10:03:39,739 - WARNING - 未找到招股书: 920699
2025-12-18 10:03:39,739 - INFO - [208/1905] 正在处理 301390 经纬股份...
2025-12-18 10:03:41,473 - INFO - 获取到 orgId: 301390 -> gfbj0837811
2025-12-18 10:03:43,682 - INFO - 搜索到的公告标题: ['首次公开发行股票并在创业板上市<em>招股说明书</em>']
2025-12-18 10:03:56,605 - INFO - 下载成功: e:\Privy\A-Share-IPO-Prospectuses\data\pdfs\301390_经纬股份.pdf
2025-12-18 10:03:56,608 - INFO - [209/1905] 正在处理 688249 晶合集成...
2025-12-18 10:03:58,840 - INFO - 获取到 orgId: 688249 -> 9900048182
2025-12-18 10:04:00,429 - INFO - 搜索到的公告标题: ['晶合集成首次公开发行股票并在科创板上市<em>招股说明书</em>提示性公告', '合肥晶合集成电路股份有限公司首次公开发行股票并在科创板上市<em>招股说明书</em>']
2025-12-18 10:04:32,899 - INFO - 下载成功: e:\Privy\A-Share-IPO-Prospectuses\data\pdfs\688249_晶合集成.pdf
2025-12-18 10:04:32,900 - INFO - [210/1905] 正在处理 301293 三博脑科...
2025-12-18 10:04:34,468 - INFO - 获取到 orgId: 301293 -> 9900041364
2025-12-18 10:04:35,942 - INFO - 搜索到的公告标题: ['首次公开发行股票并在创业板上市<em>招股说明书</em>']
2025-12-18 10:04:46,661 - INFO - 下载成功: e:\Privy\A-Share-IPO-Prospectuses\data\pdfs\301293_三博脑科.pdf
2025-12-18 10:04:46,662 - INFO - [211/1905] 正在处理 920394 民士达...
2025-12-18 10:04:48,754 - INFO - 获取到 orgId: 920394 -> gfbj0833394
2025-12-18 10:04:51,609 - WARNING - 未找到招股书: 920394
2025-12-18 10:04:51,609 - INFO - [212/1905] 正在处理 301360 荣旗科技...
2025-12-18 10:04:52,495 - INFO - 获取到 orgId: 301360 -> 9900051409
2025-12-18 10:04:54,568 - INFO - 搜索到的公告标题: ['首次公开发行股票并在创业板上市<em>招股说明书</em>']
2025-12-18 10:05:03,463 - INFO - === 开始解析阶段 ===
2025-12-18 10:05:03,464 - INFO - 发现 5 个 PDF 文件待处理
2025-12-18 10:05:03,523 - INFO - 正在解析: 001239_永达股份.pdf
2025-12-18 10:05:07,498 - INFO - 下载成功: e:\Privy\A-Share-IPO-Prospectuses\data\pdfs\301360_荣旗科技.pdf
2025-12-18 10:05:07,499 - INFO - [213/1905] 正在处理 920694 中裕科技...
2025-12-18 10:05:09,400 - INFO - 获取到 orgId: 920694 -> 9900035499
2025-12-18 10:05:12,223 - WARNING - 未找到招股书: 920694
2025-12-18 10:05:12,224 - INFO - [214/1905] 正在处理 688478 晶升股份...
2025-12-18 10:05:13,429 - INFO - 获取到 orgId: 688478 -> 9900053817
2025-12-18 10:05:15,382 - INFO - 搜索到的公告标题: ['晶升股份首次公开发行股票并在科创板上市<em>招股说明书</em>', '晶升股份首次公开发行股票并在科创板上市<em>招股说明书</em>提示性公告']
2025-12-18 10:05:27,060 - INFO - 定位到目标页面: [406, 405, 386, 293, 205]
2025-12-18 10:05:27,132 - INFO - 正在解析: 001282_三联锻造.pdf
2025-12-18 10:05:51,816 - INFO - 下载成功: e:\Privy\A-Share-IPO-Prospectuses\data\pdfs\688478_晶升股份.pdf
2025-12-18 10:05:51,816 - INFO - [215/1905] 正在处理 301307 美利信...
2025-12-18 10:05:53,661 - INFO - 获取到 orgId: 301307 -> 9900052775
2025-12-18 10:05:54,303 - INFO - 定位到目标页面: [376, 375, 374, 242, 21]
2025-12-18 10:05:54,365 - INFO - 正在解析: 001306_夏厦精密.pdf
2025-12-18 10:05:56,563 - INFO - 搜索到的公告标题: ['首次公开发行股票并在创业板上市<em>招股说明书</em>']
2025-12-18 10:06:20,123 - INFO - 定位到目标页面: [392, 424, 426, 241, 391]
2025-12-18 10:06:20,155 - INFO - 正在解析: 001324_长青科技.pdf
2025-12-18 10:06:31,858 - INFO - 下载成功: e:\Privy\A-Share-IPO-Prospectuses\data\pdfs\301307_美利信.pdf
2025-12-18 10:06:31,859 - INFO - [216/1905] 正在处理 688146 中船特气...
2025-12-18 10:06:34,071 - INFO - 获取到 orgId: 688146 -> 9900056077
2025-12-18 10:06:37,391 - INFO - 搜索到的公告标题: ['中船特气首次公开发行股票并在科创板上市<em>招股说明书</em>', '中船特气首次公开发行股票并在科创板上市<em>招股说明书</em>提示性公告']
2025-12-18 10:06:40,261 - INFO - 定位到目标页面: [346, 347, 348, 19, 297]
2025-12-18 10:06:40,377 - INFO - 正在解析: 001326_联域股份.pdf
2025-12-18 10:06:56,257 - INFO - 下载成功: e:\Privy\A-Share-IPO-Prospectuses\data\pdfs\688146_中船特气.pdf
2025-12-18 10:06:56,258 - INFO - [217/1905] 正在处理 688352 颀中科技...
2025-12-18 10:06:58,274 - INFO - 获取到 orgId: 688352 -> 9900055631
2025-12-18 10:07:00,538 - INFO - 定位到目标页面: [317, 299, 263, 329, 21]
2025-12-18 10:07:00,900 - INFO - 搜索到的公告标题: ['颀中科技首次公开发行股票并在科创板上市<em>招股说明书</em>提示性公告', '颀中科技首次公开发行股票并在科创板上市<em>招股说明书</em>']
2025-12-18 10:07:01,109 - INFO - 结果已保存至 e:\Privy\A-Share-IPO-Prospectuses\data\output\dividends_summary.xlsx
